2015-09-18 21:14:40,131 [Worker-9] INFO  o.e.m.c.i.l.LifecycleMappingFactory - Using org.maven.ide.eclipse.wtp.WarLifecycleMapping lifecycle mapping for MavenProject: CrunchifyRESTJerseyExample:CrunchifyRESTJerseyExample:0.0.1-SNAPSHOT @ C:\Repositorio Program III\ProgramacionIII\castellanos.romina\CrunchifyRESTJerseyExample\pom.xml.
2015-09-18 21:14:44,131 [Worker-9] INFO  o.e.m.j.i.AbstractJavaProjectConfigurator - Adding source folder /CrunchifyRESTJerseyExample/src
2015-09-18 21:14:44,132 [Worker-9] INFO  o.e.m.j.i.AbstractJavaProjectConfigurator - Not adding source folder /CrunchifyRESTJerseyExample/src/test/java because it overlaps with /CrunchifyRESTJerseyExample/src
2015-09-18 21:14:47,440 [Worker-9] INFO  o.e.m.c.i.p.ProjectConfigurationManager - Imported and configured 1 project(s) in 15 sec
2015-09-18 21:14:49,890 [Worker-2] WARN  o.e.m.c.i.embedder.EclipseLogger - Using platform encoding (Cp1252 actually) to copy filtered resources, i.e. build is platform dependent!
2015-09-18 21:14:49,893 [Worker-2] INFO  o.e.m.c.i.embedder.EclipseLogger - skip non existing resourceDirectory C:\Repositorio Program III\ProgramacionIII\castellanos.romina\CrunchifyRESTJerseyExample\src\main\resources
2015-09-18 21:14:49,897 [Worker-2] WARN  o.e.m.c.i.embedder.EclipseLogger - Using platform encoding (Cp1252 actually) to copy filtered resources, i.e. build is platform dependent!
2015-09-18 21:14:49,899 [Worker-2] INFO  o.e.m.c.i.embedder.EclipseLogger - skip non existing resourceDirectory C:\Repositorio Program III\ProgramacionIII\castellanos.romina\CrunchifyRESTJerseyExample\src\test\resources
2015-09-18 21:20:26,024 [Worker-14] WARN  o.e.m.c.i.embedder.EclipseLogger - Using platform encoding (Cp1252 actually) to copy filtered resources, i.e. build is platform dependent!
2015-09-18 21:20:26,059 [Worker-14] INFO  o.e.m.c.i.embedder.EclipseLogger - skip non existing resourceDirectory C:\Repositorio Program III\ProgramacionIII\castellanos.romina\CrunchifyRESTJerseyExample\src\main\resources
2015-09-18 21:20:26,065 [Worker-14] WARN  o.e.m.c.i.embedder.EclipseLogger - Using platform encoding (Cp1252 actually) to copy filtered resources, i.e. build is platform dependent!
2015-09-18 21:20:26,068 [Worker-14] INFO  o.e.m.c.i.embedder.EclipseLogger - skip non existing resourceDirectory C:\Repositorio Program III\ProgramacionIII\castellanos.romina\CrunchifyRESTJerseyExample\src\test\resources
2015-09-18 21:23:59,179 [Worker-14] WARN  o.e.m.c.i.embedder.EclipseLogger - Using platform encoding (Cp1252 actually) to copy filtered resources, i.e. build is platform dependent!
2015-09-18 21:23:59,200 [Worker-14] INFO  o.e.m.c.i.embedder.EclipseLogger - skip non existing resourceDirectory C:\Repositorio Program III\ProgramacionIII\castellanos.romina\CrunchifyRESTJerseyExample\src\main\resources
2015-09-18 21:23:59,206 [Worker-14] WARN  o.e.m.c.i.embedder.EclipseLogger - Using platform encoding (Cp1252 actually) to copy filtered resources, i.e. build is platform dependent!
2015-09-18 21:23:59,209 [Worker-14] INFO  o.e.m.c.i.embedder.EclipseLogger - skip non existing resourceDirectory C:\Repositorio Program III\ProgramacionIII\castellanos.romina\CrunchifyRESTJerseyExample\src\test\resources
2015-09-18 22:31:06,412 [Worker-27] WARN  o.e.m.c.i.embedder.EclipseLogger - Using platform encoding (Cp1252 actually) to copy filtered resources, i.e. build is platform dependent!
2015-09-18 22:31:06,447 [Worker-27] INFO  o.e.m.c.i.embedder.EclipseLogger - skip non existing resourceDirectory C:\Repositorio Program III\ProgramacionIII\castellanos.romina\CrunchifyRESTJerseyExample\src\main\resources
2015-09-18 22:31:06,454 [Worker-27] WARN  o.e.m.c.i.embedder.EclipseLogger - Using platform encoding (Cp1252 actually) to copy filtered resources, i.e. build is platform dependent!
2015-09-18 22:31:06,457 [Worker-27] INFO  o.e.m.c.i.embedder.EclipseLogger - skip non existing resourceDirectory C:\Repositorio Program III\ProgramacionIII\castellanos.romina\CrunchifyRESTJerseyExample\src\test\resources
2015-09-18 22:53:56,678 [Worker-35] WARN  o.e.m.c.i.embedder.EclipseLogger - Using platform encoding (Cp1252 actually) to copy filtered resources, i.e. build is platform dependent!
2015-09-18 22:53:56,762 [Worker-35] INFO  o.e.m.c.i.embedder.EclipseLogger - skip non existing resourceDirectory C:\Repositorio Program III\ProgramacionIII\castellanos.romina\CrunchifyRESTJerseyExample\src\main\resources
2015-09-18 22:53:56,771 [Worker-35] WARN  o.e.m.c.i.embedder.EclipseLogger - Using platform encoding (Cp1252 actually) to copy filtered resources, i.e. build is platform dependent!
2015-09-18 22:53:56,774 [Worker-35] INFO  o.e.m.c.i.embedder.EclipseLogger - skip non existing resourceDirectory C:\Repositorio Program III\ProgramacionIII\castellanos.romina\CrunchifyRESTJerseyExample\src\test\resources
2015-09-18 22:55:38,104 [Worker-37] WARN  o.e.m.c.i.embedder.EclipseLogger - Using platform encoding (Cp1252 actually) to copy filtered resources, i.e. build is platform dependent!
2015-09-18 22:55:38,107 [Worker-37] INFO  o.e.m.c.i.embedder.EclipseLogger - skip non existing resourceDirectory C:\Repositorio Program III\ProgramacionIII\castellanos.romina\CrunchifyRESTJerseyExample\src\main\resources
2015-09-18 22:55:38,113 [Worker-37] WARN  o.e.m.c.i.embedder.EclipseLogger - Using platform encoding (Cp1252 actually) to copy filtered resources, i.e. build is platform dependent!
2015-09-18 22:55:38,116 [Worker-37] INFO  o.e.m.c.i.embedder.EclipseLogger - skip non existing resourceDirectory C:\Repositorio Program III\ProgramacionIII\castellanos.romina\CrunchifyRESTJerseyExample\src\test\resources
2015-09-18 22:57:56,608 [Worker-37] WARN  o.e.m.c.i.embedder.EclipseLogger - Using platform encoding (Cp1252 actually) to copy filtered resources, i.e. build is platform dependent!
2015-09-18 22:57:56,611 [Worker-37] INFO  o.e.m.c.i.embedder.EclipseLogger - skip non existing resourceDirectory C:\Repositorio Program III\ProgramacionIII\castellanos.romina\CrunchifyRESTJerseyExample\src\main\resources
2015-09-18 22:57:56,641 [Worker-37] WARN  o.e.m.c.i.embedder.EclipseLogger - Using platform encoding (Cp1252 actually) to copy filtered resources, i.e. build is platform dependent!
2015-09-18 22:57:56,644 [Worker-37] INFO  o.e.m.c.i.embedder.EclipseLogger - skip non existing resourceDirectory C:\Repositorio Program III\ProgramacionIII\castellanos.romina\CrunchifyRESTJerseyExample\src\test\resources
2015-09-18 23:10:06,432 [Worker-45] WARN  o.e.m.c.i.embedder.EclipseLogger - Using platform encoding (Cp1252 actually) to copy filtered resources, i.e. build is platform dependent!
2015-09-18 23:10:06,460 [Worker-45] INFO  o.e.m.c.i.embedder.EclipseLogger - skip non existing resourceDirectory C:\Repositorio Program III\ProgramacionIII\castellanos.romina\CrunchifyRESTJerseyExample\src\main\resources
2015-09-18 23:10:06,469 [Worker-45] WARN  o.e.m.c.i.embedder.EclipseLogger - Using platform encoding (Cp1252 actually) to copy filtered resources, i.e. build is platform dependent!
2015-09-18 23:10:06,471 [Worker-45] INFO  o.e.m.c.i.embedder.EclipseLogger - skip non existing resourceDirectory C:\Repositorio Program III\ProgramacionIII\castellanos.romina\CrunchifyRESTJerseyExample\src\test\resources
2015-09-21 21:41:43,375 [Worker-7] WARN  o.e.m.c.i.embedder.EclipseLogger - Using platform encoding (Cp1252 actually) to copy filtered resources, i.e. build is platform dependent!
2015-09-21 21:41:43,482 [Worker-7] INFO  o.e.m.c.i.embedder.EclipseLogger - skip non existing resourceDirectory C:\Repositorio Program III\ProgramacionIII\castellanos.romina\CrunchifyRESTJerseyExample\src\main\resources
2015-09-21 21:41:43,491 [Worker-7] WARN  o.e.m.c.i.embedder.EclipseLogger - Using platform encoding (Cp1252 actually) to copy filtered resources, i.e. build is platform dependent!
2015-09-21 21:41:43,493 [Worker-7] INFO  o.e.m.c.i.embedder.EclipseLogger - skip non existing resourceDirectory C:\Repositorio Program III\ProgramacionIII\castellanos.romina\CrunchifyRESTJerseyExample\src\test\resources
2015-09-21 21:43:54,234 [Worker-13] WARN  o.e.m.c.i.embedder.EclipseLogger - Using platform encoding (Cp1252 actually) to copy filtered resources, i.e. build is platform dependent!
2015-09-21 21:43:54,240 [Worker-13] INFO  o.e.m.c.i.embedder.EclipseLogger - skip non existing resourceDirectory C:\Repositorio Program III\ProgramacionIII\castellanos.romina\CrunchifyRESTJerseyExample\src\main\resources
2015-09-21 21:43:54,245 [Worker-13] WARN  o.e.m.c.i.embedder.EclipseLogger - Using platform encoding (Cp1252 actually) to copy filtered resources, i.e. build is platform dependent!
2015-09-21 21:43:54,248 [Worker-13] INFO  o.e.m.c.i.embedder.EclipseLogger - skip non existing resourceDirectory C:\Repositorio Program III\ProgramacionIII\castellanos.romina\CrunchifyRESTJerseyExample\src\test\resources
2015-09-22 20:35:50,028 [Worker-9] WARN  o.e.m.c.i.embedder.EclipseLogger - Using platform encoding (Cp1252 actually) to copy filtered resources, i.e. build is platform dependent!
2015-09-22 20:35:50,095 [Worker-9] INFO  o.e.m.c.i.embedder.EclipseLogger - skip non existing resourceDirectory C:\Repositorio Program III\ProgramacionIII\castellanos.romina\CrunchifyRESTJerseyExample\src\main\resources
2015-09-22 20:35:50,104 [Worker-9] WARN  o.e.m.c.i.embedder.EclipseLogger - Using platform encoding (Cp1252 actually) to copy filtered resources, i.e. build is platform dependent!
2015-09-22 20:35:50,107 [Worker-9] INFO  o.e.m.c.i.embedder.EclipseLogger - skip non existing resourceDirectory C:\Repositorio Program III\ProgramacionIII\castellanos.romina\CrunchifyRESTJerseyExample\src\test\resources
2015-09-22 22:12:17,437 [Worker-31] INFO  o.e.m.c.i.l.LifecycleMappingFactory - Using org.maven.ide.eclipse.wtp.WarLifecycleMapping lifecycle mapping for MavenProject: TpAgenda:TpAgenda:0.0.1-SNAPSHOT @ C:\Repositorio Program III\ProgramacionIII\castellanos.romina\TpAgenda\pom.xml.
2015-09-22 22:12:24,634 [Worker-31] INFO  o.e.m.j.i.AbstractJavaProjectConfigurator - Adding source folder /TpAgenda/src
2015-09-22 22:12:24,636 [Worker-31] INFO  o.e.m.j.i.AbstractJavaProjectConfigurator - Not adding source folder /TpAgenda/src/test/java because it overlaps with /TpAgenda/src
2015-09-22 22:12:26,802 [Worker-32] WARN  o.e.m.c.i.embedder.EclipseLogger - Using platform encoding (Cp1252 actually) to copy filtered resources, i.e. build is platform dependent!
2015-09-22 22:12:26,845 [Worker-32] INFO  o.e.m.c.i.embedder.EclipseLogger - skip non existing resourceDirectory C:\Repositorio Program III\ProgramacionIII\castellanos.romina\TpAgenda\src\main\resources
2015-09-22 22:12:26,848 [Worker-32] WARN  o.e.m.c.i.embedder.EclipseLogger - Using platform encoding (Cp1252 actually) to copy filtered resources, i.e. build is platform dependent!
2015-09-22 22:12:26,849 [Worker-32] INFO  o.e.m.c.i.embedder.EclipseLogger - skip non existing resourceDirectory C:\Repositorio Program III\ProgramacionIII\castellanos.romina\TpAgenda\src\test\resources
2015-09-22 22:12:27,269 [Worker-31] INFO  o.e.m.c.i.p.ProjectConfigurationManager - Update started
2015-09-22 22:12:28,181 [Worker-31] INFO  o.e.m.c.i.l.LifecycleMappingFactory - Using org.maven.ide.eclipse.wtp.WarLifecycleMapping lifecycle mapping for MavenProject: TpAgenda:TpAgenda:0.0.1-SNAPSHOT @ C:\Repositorio Program III\ProgramacionIII\castellanos.romina\TpAgenda\pom.xml.
2015-09-22 22:12:31,498 [Worker-31] INFO  o.e.m.j.i.AbstractJavaProjectConfigurator - Adding source folder /TpAgenda/src
2015-09-22 22:12:31,500 [Worker-31] INFO  o.e.m.j.i.AbstractJavaProjectConfigurator - Not adding source folder /TpAgenda/src/test/java because it overlaps with /TpAgenda/src
2015-09-22 22:12:31,939 [Worker-31] INFO  o.e.m.w.i.f.ResourceFilteringBuildParticipant - Cleaning filtered folder for TpAgenda
2015-09-22 22:12:32,180 [Worker-31] INFO  o.e.m.c.i.p.ProjectConfigurationManager - Update completed: 4 sec
2015-09-22 22:12:32,360 [Worker-33] WARN  o.e.m.c.i.embedder.EclipseLogger - Using platform encoding (Cp1252 actually) to copy filtered resources, i.e. build is platform dependent!
2015-09-22 22:12:32,364 [Worker-33] INFO  o.e.m.c.i.embedder.EclipseLogger - skip non existing resourceDirectory C:\Repositorio Program III\ProgramacionIII\castellanos.romina\TpAgenda\src\main\resources
2015-09-22 22:12:32,372 [Worker-33] WARN  o.e.m.c.i.embedder.EclipseLogger - Using platform encoding (Cp1252 actually) to copy filtered resources, i.e. build is platform dependent!
2015-09-22 22:12:32,375 [Worker-33] INFO  o.e.m.c.i.embedder.EclipseLogger - skip non existing resourceDirectory C:\Repositorio Program III\ProgramacionIII\castellanos.romina\TpAgenda\src\test\resources
2015-09-22 22:12:32,376 [Worker-33] INFO  o.e.m.w.i.f.ResourceFilteringBuildParticipant - Changed resources require a complete clean of filtered resources of TpAgenda
2015-09-22 22:12:32,377 [Worker-33] INFO  o.e.m.w.i.f.ResourceFilteringBuildParticipant - Executing resource filtering for TpAgenda
2015-09-22 22:12:32,550 [Worker-33] WARN  o.e.m.c.i.embedder.EclipseLogger - Using platform encoding (Cp1252 actually) to copy filtered resources, i.e. build is platform dependent!
2015-09-22 22:19:45,912 [Worker-38] WARN  o.e.m.c.i.embedder.EclipseLogger - Using platform encoding (Cp1252 actually) to copy filtered resources, i.e. build is platform dependent!
2015-09-22 22:19:45,917 [Worker-38] INFO  o.e.m.c.i.embedder.EclipseLogger - skip non existing resourceDirectory C:\Repositorio Program III\ProgramacionIII\castellanos.romina\TpAgenda\src\main\resources
2015-09-22 22:19:45,922 [Worker-38] WARN  o.e.m.c.i.embedder.EclipseLogger - Using platform encoding (Cp1252 actually) to copy filtered resources, i.e. build is platform dependent!
2015-09-22 22:19:45,925 [Worker-38] INFO  o.e.m.c.i.embedder.EclipseLogger - skip non existing resourceDirectory C:\Repositorio Program III\ProgramacionIII\castellanos.romina\TpAgenda\src\test\resources
2015-09-22 22:20:06,066 [Worker-38] WARN  o.e.m.c.i.embedder.EclipseLogger - Using platform encoding (Cp1252 actually) to copy filtered resources, i.e. build is platform dependent!
2015-09-22 22:20:06,076 [Worker-38] INFO  o.e.m.c.i.embedder.EclipseLogger - skip non existing resourceDirectory C:\Repositorio Program III\ProgramacionIII\castellanos.romina\TpAgenda\src\main\resources
2015-09-22 22:20:06,080 [Worker-38] WARN  o.e.m.c.i.embedder.EclipseLogger - Using platform encoding (Cp1252 actually) to copy filtered resources, i.e. build is platform dependent!
2015-09-22 22:20:06,082 [Worker-38] INFO  o.e.m.c.i.embedder.EclipseLogger - skip non existing resourceDirectory C:\Repositorio Program III\ProgramacionIII\castellanos.romina\TpAgenda\src\test\resources
2015-09-22 22:43:55,976 [Worker-42] WARN  o.e.m.c.i.embedder.EclipseLogger - Using platform encoding (Cp1252 actually) to copy filtered resources, i.e. build is platform dependent!
2015-09-22 22:43:55,982 [Worker-42] INFO  o.e.m.c.i.embedder.EclipseLogger - skip non existing resourceDirectory C:\Repositorio Program III\ProgramacionIII\castellanos.romina\TpAgenda\src\main\resources
2015-09-22 22:43:55,987 [Worker-42] WARN  o.e.m.c.i.embedder.EclipseLogger - Using platform encoding (Cp1252 actually) to copy filtered resources, i.e. build is platform dependent!
2015-09-22 22:43:55,990 [Worker-42] INFO  o.e.m.c.i.embedder.EclipseLogger - skip non existing resourceDirectory C:\Repositorio Program III\ProgramacionIII\castellanos.romina\TpAgenda\src\test\resources
2015-09-22 22:45:53,977 [Worker-42] WARN  o.e.m.c.i.embedder.EclipseLogger - Using platform encoding (Cp1252 actually) to copy filtered resources, i.e. build is platform dependent!
2015-09-22 22:45:53,981 [Worker-42] INFO  o.e.m.c.i.embedder.EclipseLogger - skip non existing resourceDirectory C:\Repositorio Program III\ProgramacionIII\castellanos.romina\TpAgenda\src\main\resources
2015-09-22 22:45:53,988 [Worker-42] WARN  o.e.m.c.i.embedder.EclipseLogger - Using platform encoding (Cp1252 actually) to copy filtered resources, i.e. build is platform dependent!
2015-09-22 22:45:53,990 [Worker-42] INFO  o.e.m.c.i.embedder.EclipseLogger - skip non existing resourceDirectory C:\Repositorio Program III\ProgramacionIII\castellanos.romina\TpAgenda\src\test\resources
2015-09-22 22:46:00,906 [Worker-41] WARN  o.e.m.c.i.embedder.EclipseLogger - Using platform encoding (Cp1252 actually) to copy filtered resources, i.e. build is platform dependent!
2015-09-22 22:46:00,910 [Worker-41] INFO  o.e.m.c.i.embedder.EclipseLogger - skip non existing resourceDirectory C:\Repositorio Program III\ProgramacionIII\castellanos.romina\TpAgenda\src\main\resources
2015-09-22 22:46:00,918 [Worker-41] WARN  o.e.m.c.i.embedder.EclipseLogger - Using platform encoding (Cp1252 actually) to copy filtered resources, i.e. build is platform dependent!
2015-09-22 22:46:00,921 [Worker-41] INFO  o.e.m.c.i.embedder.EclipseLogger - skip non existing resourceDirectory C:\Repositorio Program III\ProgramacionIII\castellanos.romina\TpAgenda\src\test\resources
2015-09-22 22:47:13,519 [Worker-37] WARN  o.e.m.c.i.embedder.EclipseLogger - Using platform encoding (Cp1252 actually) to copy filtered resources, i.e. build is platform dependent!
2015-09-22 22:47:13,524 [Worker-37] INFO  o.e.m.c.i.embedder.EclipseLogger - skip non existing resourceDirectory C:\Repositorio Program III\ProgramacionIII\castellanos.romina\TpAgenda\src\main\resources
2015-09-22 22:47:13,527 [Worker-37] WARN  o.e.m.c.i.embedder.EclipseLogger - Using platform encoding (Cp1252 actually) to copy filtered resources, i.e. build is platform dependent!
2015-09-22 22:47:13,529 [Worker-37] INFO  o.e.m.c.i.embedder.EclipseLogger - skip non existing resourceDirectory C:\Repositorio Program III\ProgramacionIII\castellanos.romina\TpAgenda\src\test\resources
2015-09-22 22:48:28,865 [Worker-41] WARN  o.e.m.c.i.embedder.EclipseLogger - Using platform encoding (Cp1252 actually) to copy filtered resources, i.e. build is platform dependent!
2015-09-22 22:48:28,868 [Worker-41] INFO  o.e.m.c.i.embedder.EclipseLogger - skip non existing resourceDirectory C:\Repositorio Program III\ProgramacionIII\castellanos.romina\TpAgenda\src\main\resources
2015-09-22 22:48:28,872 [Worker-41] WARN  o.e.m.c.i.embedder.EclipseLogger - Using platform encoding (Cp1252 actually) to copy filtered resources, i.e. build is platform dependent!
2015-09-22 22:48:28,874 [Worker-41] INFO  o.e.m.c.i.embedder.EclipseLogger - skip non existing resourceDirectory C:\Repositorio Program III\ProgramacionIII\castellanos.romina\TpAgenda\src\test\resources
2015-09-22 22:49:51,640 [Worker-40] INFO  o.e.m.c.i.l.LifecycleMappingFactory - Using org.maven.ide.eclipse.wtp.WarLifecycleMapping lifecycle mapping for MavenProject: TpAgenda:TpAgenda:0.0.1-SNAPSHOT @ C:\Repositorio Program III\ProgramacionIII\castellanos.romina\TpAgenda\pom.xml.
2015-09-22 22:49:55,519 [Worker-40] INFO  o.e.m.w.i.f.ResourceFilteringBuildParticipant - Changed resources require a complete clean of filtered resources of TpAgenda
2015-09-22 22:49:55,520 [Worker-40] INFO  o.e.m.w.i.f.ResourceFilteringBuildParticipant - Executing resource filtering for TpAgenda
2015-09-23 19:49:39,833 [Worker-5] WARN  o.e.m.c.i.embedder.EclipseLogger - Using platform encoding (Cp1252 actually) to copy filtered resources, i.e. build is platform dependent!
2015-09-23 19:49:39,905 [Worker-5] INFO  o.e.m.c.i.embedder.EclipseLogger - skip non existing resourceDirectory C:\Repositorio Program III\ProgramacionIII\castellanos.romina\CrunchifyRESTJerseyExample\src\main\resources
2015-09-23 19:49:39,912 [Worker-5] WARN  o.e.m.c.i.embedder.EclipseLogger - Using platform encoding (Cp1252 actually) to copy filtered resources, i.e. build is platform dependent!
2015-09-23 19:49:39,915 [Worker-5] INFO  o.e.m.c.i.embedder.EclipseLogger - skip non existing resourceDirectory C:\Repositorio Program III\ProgramacionIII\castellanos.romina\CrunchifyRESTJerseyExample\src\test\resources
2015-09-23 21:03:11,940 [Worker-31] INFO  o.e.m.c.i.l.LifecycleMappingFactory - Using org.maven.ide.eclipse.wtp.WarLifecycleMapping lifecycle mapping for MavenProject: TpAgenda:TpAgenda:0.0.1-SNAPSHOT @ C:\Repositorio Program III\ProgramacionIII\castellanos.romina\TpAgenda\pom.xml.
2015-09-23 21:03:13,232 [Worker-31] WARN  o.e.m.c.i.embedder.EclipseLogger - Using platform encoding (Cp1252 actually) to copy filtered resources, i.e. build is platform dependent!
2015-09-23 21:03:13,236 [Worker-31] INFO  o.e.m.c.i.embedder.EclipseLogger - skip non existing resourceDirectory C:\Repositorio Program III\ProgramacionIII\castellanos.romina\TpAgenda\src\main\resources
2015-09-23 21:03:13,240 [Worker-31] WARN  o.e.m.c.i.embedder.EclipseLogger - Using platform encoding (Cp1252 actually) to copy filtered resources, i.e. build is platform dependent!
2015-09-23 21:03:13,242 [Worker-31] INFO  o.e.m.c.i.embedder.EclipseLogger - skip non existing resourceDirectory C:\Repositorio Program III\ProgramacionIII\castellanos.romina\TpAgenda\src\test\resources
2015-09-23 21:03:13,244 [Worker-31] INFO  o.e.m.w.i.f.ResourceFilteringBuildParticipant - Changed resources require a complete clean of filtered resources of TpAgenda
2015-09-23 21:03:13,246 [Worker-31] INFO  o.e.m.w.i.f.ResourceFilteringBuildParticipant - Executing resource filtering for TpAgenda
2015-09-23 21:03:13,262 [Worker-31] WARN  o.e.m.c.i.embedder.EclipseLogger - Using platform encoding (Cp1252 actually) to copy filtered resources, i.e. build is platform dependent!
2015-09-23 21:03:15,462 [Worker-30] WARN  o.e.m.c.i.embedder.EclipseLogger - Using platform encoding (Cp1252 actually) to copy filtered resources, i.e. build is platform dependent!
2015-09-23 21:03:15,464 [Worker-30] INFO  o.e.m.c.i.embedder.EclipseLogger - skip non existing resourceDirectory C:\Repositorio Program III\ProgramacionIII\castellanos.romina\TpAgenda\src\main\resources
2015-09-23 21:03:15,467 [Worker-30] WARN  o.e.m.c.i.embedder.EclipseLogger - Using platform encoding (Cp1252 actually) to copy filtered resources, i.e. build is platform dependent!
2015-09-23 21:03:15,469 [Worker-30] INFO  o.e.m.c.i.embedder.EclipseLogger - skip non existing resourceDirectory C:\Repositorio Program III\ProgramacionIII\castellanos.romina\TpAgenda\src\test\resources
2015-09-23 21:06:21,742 [Worker-29] INFO  o.e.m.i.launch.MavenLaunchDelegate - C:\Repositorio Program III\ProgramacionIII\castellanos.romina\TpAgenda
2015-09-23 21:06:21,743 [Worker-29] INFO  o.e.m.i.launch.MavenLaunchDelegate -  mvn  -B install
2015-09-23 21:07:05,741 [Worker-35] WARN  o.e.m.c.i.embedder.EclipseLogger - Using platform encoding (Cp1252 actually) to copy filtered resources, i.e. build is platform dependent!
2015-09-23 21:07:05,744 [Worker-35] INFO  o.e.m.c.i.embedder.EclipseLogger - skip non existing resourceDirectory C:\Repositorio Program III\ProgramacionIII\castellanos.romina\TpAgenda\src\main\resources
2015-09-23 21:07:05,750 [Worker-35] WARN  o.e.m.c.i.embedder.EclipseLogger - Using platform encoding (Cp1252 actually) to copy filtered resources, i.e. build is platform dependent!
2015-09-23 21:07:05,753 [Worker-35] INFO  o.e.m.c.i.embedder.EclipseLogger - skip non existing resourceDirectory C:\Repositorio Program III\ProgramacionIII\castellanos.romina\TpAgenda\src\test\resources
2015-09-23 21:09:50,122 [Worker-31] WARN  o.e.m.c.i.embedder.EclipseLogger - Using platform encoding (Cp1252 actually) to copy filtered resources, i.e. build is platform dependent!
2015-09-23 21:09:50,125 [Worker-31] INFO  o.e.m.c.i.embedder.EclipseLogger - skip non existing resourceDirectory C:\Repositorio Program III\ProgramacionIII\castellanos.romina\TpAgenda\src\main\resources
2015-09-23 21:09:50,128 [Worker-31] WARN  o.e.m.c.i.embedder.EclipseLogger - Using platform encoding (Cp1252 actually) to copy filtered resources, i.e. build is platform dependent!
2015-09-23 21:09:50,130 [Worker-31] INFO  o.e.m.c.i.embedder.EclipseLogger - skip non existing resourceDirectory C:\Repositorio Program III\ProgramacionIII\castellanos.romina\TpAgenda\src\test\resources
2015-09-23 21:10:04,076 [Worker-41] INFO  o.e.m.i.launch.MavenLaunchDelegate - C:\Repositorio Program III\ProgramacionIII\castellanos.romina\TpAgenda
2015-09-23 21:10:04,077 [Worker-41] INFO  o.e.m.i.launch.MavenLaunchDelegate -  mvn  -B install
2015-09-23 21:10:17,291 [Worker-36] WARN  o.e.m.c.i.embedder.EclipseLogger - Using platform encoding (Cp1252 actually) to copy filtered resources, i.e. build is platform dependent!
2015-09-23 21:10:17,292 [Worker-36] INFO  o.e.m.c.i.embedder.EclipseLogger - skip non existing resourceDirectory C:\Repositorio Program III\ProgramacionIII\castellanos.romina\TpAgenda\src\main\resources
2015-09-23 21:10:17,294 [Worker-36] WARN  o.e.m.c.i.embedder.EclipseLogger - Using platform encoding (Cp1252 actually) to copy filtered resources, i.e. build is platform dependent!
2015-09-23 21:10:17,295 [Worker-36] INFO  o.e.m.c.i.embedder.EclipseLogger - skip non existing resourceDirectory C:\Repositorio Program III\ProgramacionIII\castellanos.romina\TpAgenda\src\test\resources
2015-09-23 22:07:21,799 [Worker-41] INFO  o.e.m.c.i.e.AbstractTransferListenerAdapter - Downloading https://repo.maven.apache.org/maven2/io/takari/m2e/workspace/org.eclipse.m2e.workspace.cli/0.3.1/org.eclipse.m2e.workspace.cli-0.3.1-sources.jar
2015-09-23 22:07:22,012 [Worker-41] INFO  o.e.m.c.i.e.AbstractTransferListenerAdapter - Downloaded https://repo.maven.apache.org/maven2/io/takari/m2e/workspace/org.eclipse.m2e.workspace.cli/0.3.1/org.eclipse.m2e.workspace.cli-0.3.1-sources.jar
2015-09-23 22:07:22,432 [Worker-41] INFO  o.e.m.c.i.e.AbstractTransferListenerAdapter - Downloading https://repo.maven.apache.org/maven2/org/codehaus/plexus/plexus-classworlds/2.5.2/plexus-classworlds-2.5.2-sources.jar
2015-09-23 22:07:23,170 [Worker-41] INFO  o.e.m.c.i.e.AbstractTransferListenerAdapter - Downloaded https://repo.maven.apache.org/maven2/org/codehaus/plexus/plexus-classworlds/2.5.2/plexus-classworlds-2.5.2-sources.jar
2015-09-23 22:07:23,711 [Worker-41] INFO  o.e.m.c.i.e.AbstractTransferListenerAdapter - Downloading https://repo.maven.apache.org/maven2/io/takari/aether/takari-local-repository/0.9.0/takari-local-repository-0.9.0-sources.jar
2015-09-23 22:07:23,900 [Worker-41] INFO  o.e.m.c.i.e.AbstractTransferListenerAdapter - Downloaded https://repo.maven.apache.org/maven2/io/takari/aether/takari-local-repository/0.9.0/takari-local-repository-0.9.0-sources.jar
2015-09-23 22:07:24,231 [Worker-41] INFO  o.e.m.c.i.e.AbstractTransferListenerAdapter - Downloading https://repo.maven.apache.org/maven2/io/takari/takari-filemanager/0.7.0/takari-filemanager-0.7.0-sources.jar
2015-09-23 22:07:24,420 [Worker-41] INFO  o.e.m.c.i.e.AbstractTransferListenerAdapter - Downloaded https://repo.maven.apache.org/maven2/io/takari/takari-filemanager/0.7.0/takari-filemanager-0.7.0-sources.jar
2015-09-23 22:07:24,963 [Worker-41] INFO  o.e.m.c.i.e.AbstractTransferListenerAdapter - Downloading https://repo.maven.apache.org/maven2/org/apache/maven/maven-core/3.3.3/maven-core-3.3.3-sources.jar
2015-09-23 22:07:28,382 [Worker-41] INFO  o.e.m.c.i.e.AbstractTransferListenerAdapter - Downloaded https://repo.maven.apache.org/maven2/org/apache/maven/maven-core/3.3.3/maven-core-3.3.3-sources.jar
2015-09-23 22:07:28,706 [Worker-41] INFO  o.e.m.c.i.e.AbstractTransferListenerAdapter - Downloading https://repo.maven.apache.org/maven2/org/apache/maven/maven-model/3.3.3/maven-model-3.3.3-sources.jar
2015-09-23 22:07:29,456 [Worker-41] INFO  o.e.m.c.i.e.AbstractTransferListenerAdapter - Downloaded https://repo.maven.apache.org/maven2/org/apache/maven/maven-model/3.3.3/maven-model-3.3.3-sources.jar
2015-09-23 22:07:29,794 [Worker-41] INFO  o.e.m.c.i.e.AbstractTransferListenerAdapter - Downloading https://repo.maven.apache.org/maven2/org/apache/maven/maven-settings/3.3.3/maven-settings-3.3.3-sources.jar
2015-09-23 22:07:30,129 [Worker-41] INFO  o.e.m.c.i.e.AbstractTransferListenerAdapter - Downloaded https://repo.maven.apache.org/maven2/org/apache/maven/maven-settings/3.3.3/maven-settings-3.3.3-sources.jar
2015-09-23 22:07:30,456 [Worker-41] INFO  o.e.m.c.i.e.AbstractTransferListenerAdapter - Downloading https://repo.maven.apache.org/maven2/org/apache/maven/maven-settings-builder/3.3.3/maven-settings-builder-3.3.3-sources.jar
2015-09-23 22:07:30,795 [Worker-41] INFO  o.e.m.c.i.e.AbstractTransferListenerAdapter - Downloaded https://repo.maven.apache.org/maven2/org/apache/maven/maven-settings-builder/3.3.3/maven-settings-builder-3.3.3-sources.jar
2015-09-23 22:07:31,133 [Worker-41] INFO  o.e.m.c.i.e.AbstractTransferListenerAdapter - Downloading https://repo.maven.apache.org/maven2/org/apache/maven/maven-builder-support/3.3.3/maven-builder-support-3.3.3-sources.jar
2015-09-23 22:07:31,346 [Worker-41] INFO  o.e.m.c.i.e.AbstractTransferListenerAdapter - Downloaded https://repo.maven.apache.org/maven2/org/apache/maven/maven-builder-support/3.3.3/maven-builder-support-3.3.3-sources.jar
2015-09-23 22:07:31,718 [Worker-41] INFO  o.e.m.c.i.e.AbstractTransferListenerAdapter - Downloading https://repo.maven.apache.org/maven2/org/apache/maven/maven-repository-metadata/3.3.3/maven-repository-metadata-3.3.3-sources.jar
2015-09-23 22:07:31,925 [Worker-41] INFO  o.e.m.c.i.e.AbstractTransferListenerAdapter - Downloaded https://repo.maven.apache.org/maven2/org/apache/maven/maven-repository-metadata/3.3.3/maven-repository-metadata-3.3.3-sources.jar
2015-09-23 22:07:32,220 [Worker-41] INFO  o.e.m.c.i.e.AbstractTransferListenerAdapter - Downloading https://repo.maven.apache.org/maven2/org/apache/maven/maven-artifact/3.3.3/maven-artifact-3.3.3-sources.jar
2015-09-23 22:07:32,603 [Worker-41] INFO  o.e.m.c.i.e.AbstractTransferListenerAdapter - Downloaded https://repo.maven.apache.org/maven2/org/apache/maven/maven-artifact/3.3.3/maven-artifact-3.3.3-sources.jar
2015-09-23 22:07:33,042 [Worker-41] INFO  o.e.m.c.i.e.AbstractTransferListenerAdapter - Downloading https://repo.maven.apache.org/maven2/org/apache/maven/maven-plugin-api/3.3.3/maven-plugin-api-3.3.3-sources.jar
2015-09-23 22:07:33,438 [Worker-41] INFO  o.e.m.c.i.e.AbstractTransferListenerAdapter - Downloaded https://repo.maven.apache.org/maven2/org/apache/maven/maven-plugin-api/3.3.3/maven-plugin-api-3.3.3-sources.jar
2015-09-23 22:07:33,824 [Worker-41] INFO  o.e.m.c.i.e.AbstractTransferListenerAdapter - Downloading https://repo.maven.apache.org/maven2/org/apache/maven/maven-model-builder/3.3.3/maven-model-builder-3.3.3-sources.jar
2015-09-23 22:07:34,508 [Worker-41] INFO  o.e.m.c.i.e.AbstractTransferListenerAdapter - Downloaded https://repo.maven.apache.org/maven2/org/apache/maven/maven-model-builder/3.3.3/maven-model-builder-3.3.3-sources.jar
2015-09-23 22:07:34,943 [Worker-41] INFO  o.e.m.c.i.e.AbstractTransferListenerAdapter - Downloading https://repo.maven.apache.org/maven2/org/apache/maven/maven-aether-provider/3.3.3/maven-aether-provider-3.3.3-sources.jar
2015-09-23 22:07:35,179 [Worker-41] INFO  o.e.m.c.i.e.AbstractTransferListenerAdapter - Downloaded https://repo.maven.apache.org/maven2/org/apache/maven/maven-aether-provider/3.3.3/maven-aether-provider-3.3.3-sources.jar
2015-09-23 22:07:35,522 [Worker-41] INFO  o.e.m.c.i.e.AbstractTransferListenerAdapter - Downloading https://repo.maven.apache.org/maven2/org/eclipse/aether/aether-api/1.0.2.v20150114/aether-api-1.0.2.v20150114-sources.jar
2015-09-23 22:07:36,089 [Worker-41] INFO  o.e.m.c.i.e.AbstractTransferListenerAdapter - Downloaded https://repo.maven.apache.org/maven2/org/eclipse/aether/aether-api/1.0.2.v20150114/aether-api-1.0.2.v20150114-sources.jar
2015-09-23 22:07:36,420 [Worker-41] INFO  o.e.m.c.i.e.AbstractTransferListenerAdapter - Downloading https://repo.maven.apache.org/maven2/org/eclipse/aether/aether-util/1.0.2.v20150114/aether-util-1.0.2.v20150114-sources.jar
2015-09-23 22:07:36,859 [Worker-41] INFO  o.e.m.c.i.e.AbstractTransferListenerAdapter - Downloaded https://repo.maven.apache.org/maven2/org/eclipse/aether/aether-util/1.0.2.v20150114/aether-util-1.0.2.v20150114-sources.jar
2015-09-23 22:07:37,187 [Worker-41] INFO  o.e.m.c.i.e.AbstractTransferListenerAdapter - Downloading https://repo.maven.apache.org/maven2/org/codehaus/plexus/plexus-interpolation/1.21/plexus-interpolation-1.21-sources.jar
2015-09-23 22:07:37,454 [Worker-41] INFO  o.e.m.c.i.e.AbstractTransferListenerAdapter - Downloaded https://repo.maven.apache.org/maven2/org/codehaus/plexus/plexus-interpolation/1.21/plexus-interpolation-1.21-sources.jar
2015-09-23 22:07:37,797 [Worker-41] INFO  o.e.m.c.i.e.AbstractTransferListenerAdapter - Downloading https://repo.maven.apache.org/maven2/org/codehaus/plexus/plexus-utils/3.0.20/plexus-utils-3.0.20-sources.jar
2015-09-23 22:07:38,493 [Worker-41] INFO  o.e.m.c.i.e.AbstractTransferListenerAdapter - Downloaded https://repo.maven.apache.org/maven2/org/codehaus/plexus/plexus-utils/3.0.20/plexus-utils-3.0.20-sources.jar
2015-09-23 22:07:38,861 [Worker-41] INFO  o.e.m.c.i.e.AbstractTransferListenerAdapter - Downloading https://repo.maven.apache.org/maven2/org/codehaus/plexus/plexus-component-annotations/1.5.5/plexus-component-annotations-1.5.5-sources.jar
2015-09-23 22:07:39,059 [Worker-41] INFO  o.e.m.c.i.e.AbstractTransferListenerAdapter - Downloaded https://repo.maven.apache.org/maven2/org/codehaus/plexus/plexus-component-annotations/1.5.5/plexus-component-annotations-1.5.5-sources.jar
2015-09-23 22:07:39,389 [Worker-41] INFO  o.e.m.c.i.e.AbstractTransferListenerAdapter - Downloading https://repo.maven.apache.org/maven2/org/sonatype/plexus/plexus-sec-dispatcher/1.3/plexus-sec-dispatcher-1.3-sources.jar
2015-09-23 22:07:39,627 [Worker-41] INFO  o.e.m.c.i.e.AbstractTransferListenerAdapter - Downloaded https://repo.maven.apache.org/maven2/org/sonatype/plexus/plexus-sec-dispatcher/1.3/plexus-sec-dispatcher-1.3-sources.jar
2015-09-23 22:07:40,030 [Worker-41] INFO  o.e.m.c.i.e.AbstractTransferListenerAdapter - Downloading https://repo.maven.apache.org/maven2/org/apache/maven/maven-embedder/3.3.3/maven-embedder-3.3.3-sources.jar
2015-09-23 22:07:40,313 [Worker-41] INFO  o.e.m.c.i.e.AbstractTransferListenerAdapter - Downloaded https://repo.maven.apache.org/maven2/org/apache/maven/maven-embedder/3.3.3/maven-embedder-3.3.3-sources.jar
2015-09-23 22:07:40,691 [Worker-41] INFO  o.e.m.c.i.e.AbstractTransferListenerAdapter - Downloading https://repo.maven.apache.org/maven2/org/sonatype/plexus/plexus-cipher/1.7/plexus-cipher-1.7-sources.jar
2015-09-23 22:07:40,921 [Worker-41] INFO  o.e.m.c.i.e.AbstractTransferListenerAdapter - Downloaded https://repo.maven.apache.org/maven2/org/sonatype/plexus/plexus-cipher/1.7/plexus-cipher-1.7-sources.jar
2015-09-23 22:07:41,436 [Worker-41] INFO  o.e.m.c.i.e.AbstractTransferListenerAdapter - Downloading https://repo.maven.apache.org/maven2/commons-cli/commons-cli/1.2/commons-cli-1.2-sources.jar
2015-09-23 22:07:41,669 [Worker-41] INFO  o.e.m.c.i.e.AbstractTransferListenerAdapter - Downloaded https://repo.maven.apache.org/maven2/commons-cli/commons-cli/1.2/commons-cli-1.2-sources.jar
2015-09-23 22:07:42,238 [Worker-41] INFO  o.e.m.c.i.e.AbstractTransferListenerAdapter - Downloading https://repo.maven.apache.org/maven2/org/apache/maven/maven-compat/3.3.3/maven-compat-3.3.3-sources.jar
2015-09-23 22:07:42,940 [Worker-41] INFO  o.e.m.c.i.e.AbstractTransferListenerAdapter - Downloaded https://repo.maven.apache.org/maven2/org/apache/maven/maven-compat/3.3.3/maven-compat-3.3.3-sources.jar
2015-09-23 22:07:43,267 [Worker-41] INFO  o.e.m.c.i.e.AbstractTransferListenerAdapter - Downloading https://repo.maven.apache.org/maven2/org/apache/maven/wagon/wagon-provider-api/2.9/wagon-provider-api-2.9-sources.jar
2015-09-23 22:07:43,517 [Worker-41] INFO  o.e.m.c.i.e.AbstractTransferListenerAdapter - Downloaded https://repo.maven.apache.org/maven2/org/apache/maven/wagon/wagon-provider-api/2.9/wagon-provider-api-2.9-sources.jar
2015-09-23 22:07:43,827 [Worker-41] INFO  o.e.m.c.i.e.AbstractTransferListenerAdapter - Downloading https://repo.maven.apache.org/maven2/javax/enterprise/cdi-api/1.0/cdi-api-1.0-sources.jar
2015-09-23 22:07:44,260 [Worker-41] INFO  o.e.m.c.i.e.AbstractTransferListenerAdapter - Downloaded https://repo.maven.apache.org/maven2/javax/enterprise/cdi-api/1.0/cdi-api-1.0-sources.jar
2015-09-23 22:07:44,684 [Worker-41] INFO  o.e.m.c.i.e.AbstractTransferListenerAdapter - Downloading https://repo.maven.apache.org/maven2/com/google/guava/guava/18.0/guava-18.0-sources.jar
2015-09-23 22:07:46,954 [Worker-41] INFO  o.e.m.c.i.e.AbstractTransferListenerAdapter - Downloaded https://repo.maven.apache.org/maven2/com/google/guava/guava/18.0/guava-18.0-sources.jar
2015-09-23 22:07:47,725 [Worker-41] INFO  o.e.m.c.i.e.AbstractTransferListenerAdapter - Downloading https://repo.maven.apache.org/maven2/org/eclipse/aether/aether-impl/1.0.2.v20150114/aether-impl-1.0.2.v20150114-sources.jar
2015-09-23 22:07:48,143 [Worker-41] INFO  o.e.m.c.i.e.AbstractTransferListenerAdapter - Downloaded https://repo.maven.apache.org/maven2/org/eclipse/aether/aether-impl/1.0.2.v20150114/aether-impl-1.0.2.v20150114-sources.jar
2015-09-23 22:07:48,605 [Worker-41] INFO  o.e.m.c.i.e.AbstractTransferListenerAdapter - Downloading https://repo.maven.apache.org/maven2/org/eclipse/aether/aether-spi/1.0.2.v20150114/aether-spi-1.0.2.v20150114-sources.jar
2015-09-23 22:07:48,823 [Worker-41] INFO  o.e.m.c.i.e.AbstractTransferListenerAdapter - Downloaded https://repo.maven.apache.org/maven2/org/eclipse/aether/aether-spi/1.0.2.v20150114/aether-spi-1.0.2.v20150114-sources.jar
2015-09-23 22:07:49,125 [Worker-41] INFO  o.e.m.c.i.e.AbstractTransferListenerAdapter - Downloading https://repo.maven.apache.org/maven2/io/takari/aether/aether-connector-okhttp/0.15.0/aether-connector-okhttp-0.15.0-sources.jar
2015-09-23 22:07:49,345 [Worker-41] INFO  o.e.m.c.i.e.AbstractTransferListenerAdapter - Downloaded https://repo.maven.apache.org/maven2/io/takari/aether/aether-connector-okhttp/0.15.0/aether-connector-okhttp-0.15.0-sources.jar
2015-09-23 22:07:49,673 [Worker-41] INFO  o.e.m.c.i.e.AbstractTransferListenerAdapter - Downloading https://repo.maven.apache.org/maven2/com/squareup/okhttp/okhttp/2.3.0/okhttp-2.3.0-sources.jar
2015-09-23 22:07:50,289 [Worker-41] INFO  o.e.m.c.i.e.AbstractTransferListenerAdapter - Downloaded https://repo.maven.apache.org/maven2/com/squareup/okhttp/okhttp/2.3.0/okhttp-2.3.0-sources.jar
2015-09-23 22:07:50,617 [Worker-41] INFO  o.e.m.c.i.e.AbstractTransferListenerAdapter - Downloading https://repo.maven.apache.org/maven2/com/squareup/okio/okio/1.3.0/okio-1.3.0-sources.jar
2015-09-23 22:07:50,839 [Worker-41] INFO  o.e.m.c.i.e.AbstractTransferListenerAdapter - Downloaded https://repo.maven.apache.org/maven2/com/squareup/okio/okio/1.3.0/okio-1.3.0-sources.jar
2015-09-23 22:07:51,131 [Worker-41] INFO  o.e.m.c.i.e.AbstractTransferListenerAdapter - Downloading https://repo.maven.apache.org/maven2/org/eclipse/aether/aether-connector-basic/1.0.2.v20150114/aether-connector-basic-1.0.2.v20150114-sources.jar
2015-09-23 22:07:51,347 [Worker-41] INFO  o.e.m.c.i.e.AbstractTransferListenerAdapter - Downloaded https://repo.maven.apache.org/maven2/org/eclipse/aether/aether-connector-basic/1.0.2.v20150114/aether-connector-basic-1.0.2.v20150114-sources.jar
2015-09-23 22:07:51,650 [Worker-41] INFO  o.e.m.c.i.e.AbstractTransferListenerAdapter - Downloading https://repo.maven.apache.org/maven2/org/eclipse/aether/aether-transport-wagon/1.0.2.v20150114/aether-transport-wagon-1.0.2.v20150114-sources.jar
2015-09-23 22:07:51,834 [Worker-41] INFO  o.e.m.c.i.e.AbstractTransferListenerAdapter - Downloaded https://repo.maven.apache.org/maven2/org/eclipse/aether/aether-transport-wagon/1.0.2.v20150114/aether-transport-wagon-1.0.2.v20150114-sources.jar
2015-09-23 22:07:52,190 [Worker-41] INFO  o.e.m.c.i.e.AbstractTransferListenerAdapter - Downloading https://repo.maven.apache.org/maven2/org/apache/maven/wagon/wagon-file/2.9/wagon-file-2.9-sources.jar
2015-09-23 22:07:52,385 [Worker-41] INFO  o.e.m.c.i.e.AbstractTransferListenerAdapter - Downloaded https://repo.maven.apache.org/maven2/org/apache/maven/wagon/wagon-file/2.9/wagon-file-2.9-sources.jar
2015-09-23 22:07:52,687 [Worker-41] INFO  o.e.m.c.i.e.AbstractTransferListenerAdapter - Downloading https://repo.maven.apache.org/maven2/commons-lang/commons-lang/2.6/commons-lang-2.6-sources.jar
2015-09-23 22:07:53,603 [Worker-41] INFO  o.e.m.c.i.e.AbstractTransferListenerAdapter - Downloaded https://repo.maven.apache.org/maven2/commons-lang/commons-lang/2.6/commons-lang-2.6-sources.jar
2015-09-23 22:07:54,150 [Worker-41] INFO  o.e.m.c.i.e.AbstractTransferListenerAdapter - Downloading https://repo.maven.apache.org/maven2/org/slf4j/slf4j-simple/1.7.5/slf4j-simple-1.7.5-sources.jar
2015-09-23 22:07:54,338 [Worker-41] INFO  o.e.m.c.i.e.AbstractTransferListenerAdapter - Downloaded https://repo.maven.apache.org/maven2/org/slf4j/slf4j-simple/1.7.5/slf4j-simple-1.7.5-sources.jar
2015-09-23 23:03:55,726 [Worker-54] WARN  o.e.m.c.i.embedder.EclipseLogger - Using platform encoding (Cp1252 actually) to copy filtered resources, i.e. build is platform dependent!
2015-09-23 23:03:55,770 [Worker-54] INFO  o.e.m.c.i.embedder.EclipseLogger - skip non existing resourceDirectory C:\Repositorio Program III\ProgramacionIII\castellanos.romina\CrunchifyRESTJerseyExample\src\main\resources
2015-09-23 23:03:55,778 [Worker-54] WARN  o.e.m.c.i.embedder.EclipseLogger - Using platform encoding (Cp1252 actually) to copy filtered resources, i.e. build is platform dependent!
2015-09-23 23:03:55,781 [Worker-54] INFO  o.e.m.c.i.embedder.EclipseLogger - skip non existing resourceDirectory C:\Repositorio Program III\ProgramacionIII\castellanos.romina\CrunchifyRESTJerseyExample\src\test\resources
2015-09-24 01:53:08,387 [Worker-68] WARN  o.e.m.c.i.embedder.EclipseLogger - Using platform encoding (Cp1252 actually) to copy filtered resources, i.e. build is platform dependent!
2015-09-24 01:53:08,427 [Worker-68] INFO  o.e.m.c.i.embedder.EclipseLogger - skip non existing resourceDirectory C:\Repositorio Program III\ProgramacionIII\castellanos.romina\TpAgenda\src\main\resources
2015-09-24 01:53:08,432 [Worker-68] WARN  o.e.m.c.i.embedder.EclipseLogger - Using platform encoding (Cp1252 actually) to copy filtered resources, i.e. build is platform dependent!
2015-09-24 01:53:08,435 [Worker-68] INFO  o.e.m.c.i.embedder.EclipseLogger - skip non existing resourceDirectory C:\Repositorio Program III\ProgramacionIII\castellanos.romina\TpAgenda\src\test\resources
2015-09-24 01:53:12,478 [Worker-71] WARN  o.e.m.c.i.embedder.EclipseLogger - Using platform encoding (Cp1252 actually) to copy filtered resources, i.e. build is platform dependent!
2015-09-24 01:53:12,481 [Worker-71] INFO  o.e.m.c.i.embedder.EclipseLogger - skip non existing resourceDirectory C:\Repositorio Program III\ProgramacionIII\castellanos.romina\TpAgenda\src\main\resources
2015-09-24 01:53:12,485 [Worker-71] WARN  o.e.m.c.i.embedder.EclipseLogger - Using platform encoding (Cp1252 actually) to copy filtered resources, i.e. build is platform dependent!
2015-09-24 01:53:12,488 [Worker-71] INFO  o.e.m.c.i.embedder.EclipseLogger - skip non existing resourceDirectory C:\Repositorio Program III\ProgramacionIII\castellanos.romina\TpAgenda\src\test\resources
2015-09-24 02:00:09,966 [Worker-75] INFO  o.e.m.i.launch.MavenLaunchDelegate - C:\Repositorio Program III\ProgramacionIII\castellanos.romina\TpAgenda
2015-09-24 02:00:09,967 [Worker-75] INFO  o.e.m.i.launch.MavenLaunchDelegate -  mvn  -B install
2015-09-24 02:00:29,210 [Worker-74] WARN  o.e.m.c.i.embedder.EclipseLogger - Using platform encoding (Cp1252 actually) to copy filtered resources, i.e. build is platform dependent!
2015-09-24 02:00:29,214 [Worker-74] INFO  o.e.m.c.i.embedder.EclipseLogger - skip non existing resourceDirectory C:\Repositorio Program III\ProgramacionIII\castellanos.romina\TpAgenda\src\main\resources
2015-09-24 02:00:29,218 [Worker-74] WARN  o.e.m.c.i.embedder.EclipseLogger - Using platform encoding (Cp1252 actually) to copy filtered resources, i.e. build is platform dependent!
2015-09-24 02:00:29,221 [Worker-74] INFO  o.e.m.c.i.embedder.EclipseLogger - skip non existing resourceDirectory C:\Repositorio Program III\ProgramacionIII\castellanos.romina\TpAgenda\src\test\resources
2015-09-24 02:05:27,362 [Worker-76] WARN  o.e.m.c.i.embedder.EclipseLogger - Using platform encoding (Cp1252 actually) to copy filtered resources, i.e. build is platform dependent!
2015-09-24 02:05:27,365 [Worker-76] INFO  o.e.m.c.i.embedder.EclipseLogger - skip non existing resourceDirectory C:\Repositorio Program III\ProgramacionIII\castellanos.romina\TpAgenda\src\main\resources
2015-09-24 02:05:27,369 [Worker-76] WARN  o.e.m.c.i.embedder.EclipseLogger - Using platform encoding (Cp1252 actually) to copy filtered resources, i.e. build is platform dependent!
2015-09-24 02:05:27,372 [Worker-76] INFO  o.e.m.c.i.embedder.EclipseLogger - skip non existing resourceDirectory C:\Repositorio Program III\ProgramacionIII\castellanos.romina\TpAgenda\src\test\resources
2015-09-24 02:05:53,399 [Worker-74] INFO  o.e.m.i.launch.MavenLaunchDelegate - C:\Repositorio Program III\ProgramacionIII\castellanos.romina\TpAgenda
2015-09-24 02:05:53,400 [Worker-74] INFO  o.e.m.i.launch.MavenLaunchDelegate -  mvn  -B install
2015-09-24 02:06:04,344 [Worker-73] WARN  o.e.m.c.i.embedder.EclipseLogger - Using platform encoding (Cp1252 actually) to copy filtered resources, i.e. build is platform dependent!
2015-09-24 02:06:04,345 [Worker-73] INFO  o.e.m.c.i.embedder.EclipseLogger - skip non existing resourceDirectory C:\Repositorio Program III\ProgramacionIII\castellanos.romina\TpAgenda\src\main\resources
2015-09-24 02:06:04,347 [Worker-73] WARN  o.e.m.c.i.embedder.EclipseLogger - Using platform encoding (Cp1252 actually) to copy filtered resources, i.e. build is platform dependent!
2015-09-24 02:06:04,348 [Worker-73] INFO  o.e.m.c.i.embedder.EclipseLogger - skip non existing resourceDirectory C:\Repositorio Program III\ProgramacionIII\castellanos.romina\TpAgenda\src\test\resources
2015-09-25 00:12:21,133 [Worker-8] WARN  o.e.m.c.i.embedder.EclipseLogger - Using platform encoding (Cp1252 actually) to copy filtered resources, i.e. build is platform dependent!
2015-09-25 00:12:21,200 [Worker-8] INFO  o.e.m.c.i.embedder.EclipseLogger - skip non existing resourceDirectory C:\Repositorio Program III\ProgramacionIII\castellanos.romina\CrunchifyRESTJerseyExample\src\main\resources
2015-09-25 00:12:21,208 [Worker-8] WARN  o.e.m.c.i.embedder.EclipseLogger - Using platform encoding (Cp1252 actually) to copy filtered resources, i.e. build is platform dependent!
2015-09-25 00:12:21,211 [Worker-8] INFO  o.e.m.c.i.embedder.EclipseLogger - skip non existing resourceDirectory C:\Repositorio Program III\ProgramacionIII\castellanos.romina\CrunchifyRESTJerseyExample\src\test\resources
2015-09-25 00:12:25,255 [Worker-0] WARN  o.e.m.c.i.embedder.EclipseLogger - Using platform encoding (Cp1252 actually) to copy filtered resources, i.e. build is platform dependent!
2015-09-25 00:12:25,277 [Worker-0] INFO  o.e.m.c.i.embedder.EclipseLogger - skip non existing resourceDirectory C:\Repositorio Program III\ProgramacionIII\castellanos.romina\TpAgenda\src\main\resources
2015-09-25 00:12:25,289 [Worker-0] WARN  o.e.m.c.i.embedder.EclipseLogger - Using platform encoding (Cp1252 actually) to copy filtered resources, i.e. build is platform dependent!
2015-09-25 00:12:25,292 [Worker-0] INFO  o.e.m.c.i.embedder.EclipseLogger - skip non existing resourceDirectory C:\Repositorio Program III\ProgramacionIII\castellanos.romina\TpAgenda\src\test\resources
2015-09-25 21:52:56,866 [Worker-16] WARN  o.e.m.c.i.embedder.EclipseLogger - Using platform encoding (Cp1252 actually) to copy filtered resources, i.e. build is platform dependent!
2015-09-25 21:52:56,889 [Worker-16] INFO  o.e.m.c.i.embedder.EclipseLogger - skip non existing resourceDirectory C:\Repositorio Program III\ProgramacionIII\castellanos.romina\CrunchifyRESTJerseyExample\src\main\resources
2015-09-25 21:52:56,894 [Worker-16] WARN  o.e.m.c.i.embedder.EclipseLogger - Using platform encoding (Cp1252 actually) to copy filtered resources, i.e. build is platform dependent!
2015-09-25 21:52:56,895 [Worker-16] INFO  o.e.m.c.i.embedder.EclipseLogger - skip non existing resourceDirectory C:\Repositorio Program III\ProgramacionIII\castellanos.romina\CrunchifyRESTJerseyExample\src\test\resources
2015-09-25 21:53:01,289 [Worker-3] WARN  o.e.m.c.i.embedder.EclipseLogger - Using platform encoding (Cp1252 actually) to copy filtered resources, i.e. build is platform dependent!
2015-09-25 21:53:01,293 [Worker-3] INFO  o.e.m.c.i.embedder.EclipseLogger - skip non existing resourceDirectory C:\Repositorio Program III\ProgramacionIII\castellanos.romina\TpAgenda\src\main\resources
2015-09-25 21:53:01,299 [Worker-3] WARN  o.e.m.c.i.embedder.EclipseLogger - Using platform encoding (Cp1252 actually) to copy filtered resources, i.e. build is platform dependent!
2015-09-25 21:53:01,302 [Worker-3] INFO  o.e.m.c.i.embedder.EclipseLogger - skip non existing resourceDirectory C:\Repositorio Program III\ProgramacionIII\castellanos.romina\TpAgenda\src\test\resources
2015-09-25 22:16:28,821 [Worker-22] WARN  o.e.m.c.i.embedder.EclipseLogger - Using platform encoding (Cp1252 actually) to copy filtered resources, i.e. build is platform dependent!
2015-09-25 22:16:28,840 [Worker-22] INFO  o.e.m.c.i.embedder.EclipseLogger - skip non existing resourceDirectory C:\Repositorio Program III\ProgramacionIII\castellanos.romina\TpAgenda\src\main\resources
2015-09-25 22:16:28,845 [Worker-22] WARN  o.e.m.c.i.embedder.EclipseLogger - Using platform encoding (Cp1252 actually) to copy filtered resources, i.e. build is platform dependent!
2015-09-25 22:16:28,847 [Worker-22] INFO  o.e.m.c.i.embedder.EclipseLogger - skip non existing resourceDirectory C:\Repositorio Program III\ProgramacionIII\castellanos.romina\TpAgenda\src\test\resources
2015-09-25 22:17:02,920 [Worker-10] WARN  o.e.m.c.i.embedder.EclipseLogger - Using platform encoding (Cp1252 actually) to copy filtered resources, i.e. build is platform dependent!
2015-09-25 22:17:02,923 [Worker-10] INFO  o.e.m.c.i.embedder.EclipseLogger - skip non existing resourceDirectory C:\Repositorio Program III\ProgramacionIII\castellanos.romina\TpAgenda\src\main\resources
2015-09-25 22:17:02,931 [Worker-10] WARN  o.e.m.c.i.embedder.EclipseLogger - Using platform encoding (Cp1252 actually) to copy filtered resources, i.e. build is platform dependent!
2015-09-25 22:17:02,934 [Worker-10] INFO  o.e.m.c.i.embedder.EclipseLogger - skip non existing resourceDirectory C:\Repositorio Program III\ProgramacionIII\castellanos.romina\TpAgenda\src\test\resources
2015-09-25 22:35:50,144 [Worker-27] WARN  o.e.m.c.i.embedder.EclipseLogger - Using platform encoding (Cp1252 actually) to copy filtered resources, i.e. build is platform dependent!
2015-09-25 22:35:50,158 [Worker-27] INFO  o.e.m.c.i.embedder.EclipseLogger - skip non existing resourceDirectory C:\Repositorio Program III\ProgramacionIII\castellanos.romina\TpAgenda\src\main\resources
2015-09-25 22:35:50,165 [Worker-27] WARN  o.e.m.c.i.embedder.EclipseLogger - Using platform encoding (Cp1252 actually) to copy filtered resources, i.e. build is platform dependent!
2015-09-25 22:35:50,170 [Worker-27] INFO  o.e.m.c.i.embedder.EclipseLogger - skip non existing resourceDirectory C:\Repositorio Program III\ProgramacionIII\castellanos.romina\TpAgenda\src\test\resources
2015-09-25 22:36:07,082 [Worker-27] WARN  o.e.m.c.i.embedder.EclipseLogger - Using platform encoding (Cp1252 actually) to copy filtered resources, i.e. build is platform dependent!
2015-09-25 22:36:07,085 [Worker-27] INFO  o.e.m.c.i.embedder.EclipseLogger - skip non existing resourceDirectory C:\Repositorio Program III\ProgramacionIII\castellanos.romina\TpAgenda\src\main\resources
2015-09-25 22:36:07,092 [Worker-27] WARN  o.e.m.c.i.embedder.EclipseLogger - Using platform encoding (Cp1252 actually) to copy filtered resources, i.e. build is platform dependent!
2015-09-25 22:36:07,095 [Worker-27] INFO  o.e.m.c.i.embedder.EclipseLogger - skip non existing resourceDirectory C:\Repositorio Program III\ProgramacionIII\castellanos.romina\TpAgenda\src\test\resources
2015-09-25 22:37:20,526 [Worker-26] WARN  o.e.m.c.i.embedder.EclipseLogger - Using platform encoding (Cp1252 actually) to copy filtered resources, i.e. build is platform dependent!
2015-09-25 22:37:20,529 [Worker-26] INFO  o.e.m.c.i.embedder.EclipseLogger - skip non existing resourceDirectory C:\Repositorio Program III\ProgramacionIII\castellanos.romina\TpAgenda\src\main\resources
2015-09-25 22:37:20,534 [Worker-26] WARN  o.e.m.c.i.embedder.EclipseLogger - Using platform encoding (Cp1252 actually) to copy filtered resources, i.e. build is platform dependent!
2015-09-25 22:37:20,537 [Worker-26] INFO  o.e.m.c.i.embedder.EclipseLogger - skip non existing resourceDirectory C:\Repositorio Program III\ProgramacionIII\castellanos.romina\TpAgenda\src\test\resources
2015-09-25 22:38:20,930 [Worker-23] WARN  o.e.m.c.i.embedder.EclipseLogger - Using platform encoding (Cp1252 actually) to copy filtered resources, i.e. build is platform dependent!
2015-09-25 22:38:20,934 [Worker-23] INFO  o.e.m.c.i.embedder.EclipseLogger - skip non existing resourceDirectory C:\Repositorio Program III\ProgramacionIII\castellanos.romina\TpAgenda\src\main\resources
2015-09-25 22:38:20,947 [Worker-23] WARN  o.e.m.c.i.embedder.EclipseLogger - Using platform encoding (Cp1252 actually) to copy filtered resources, i.e. build is platform dependent!
2015-09-25 22:38:20,950 [Worker-23] INFO  o.e.m.c.i.embedder.EclipseLogger - skip non existing resourceDirectory C:\Repositorio Program III\ProgramacionIII\castellanos.romina\TpAgenda\src\test\resources
2015-09-25 22:38:58,458 [Worker-28] WARN  o.e.m.c.i.embedder.EclipseLogger - Using platform encoding (Cp1252 actually) to copy filtered resources, i.e. build is platform dependent!
2015-09-25 22:38:58,461 [Worker-28] INFO  o.e.m.c.i.embedder.EclipseLogger - skip non existing resourceDirectory C:\Repositorio Program III\ProgramacionIII\castellanos.romina\TpAgenda\src\main\resources
2015-09-25 22:38:58,468 [Worker-28] WARN  o.e.m.c.i.embedder.EclipseLogger - Using platform encoding (Cp1252 actually) to copy filtered resources, i.e. build is platform dependent!
2015-09-25 22:38:58,471 [Worker-28] INFO  o.e.m.c.i.embedder.EclipseLogger - skip non existing resourceDirectory C:\Repositorio Program III\ProgramacionIII\castellanos.romina\TpAgenda\src\test\resources
2015-09-25 22:39:21,575 [Worker-28] INFO  o.e.m.i.launch.MavenLaunchDelegate - C:\Repositorio Program III\ProgramacionIII\castellanos.romina\TpAgenda
2015-09-25 22:39:21,577 [Worker-28] INFO  o.e.m.i.launch.MavenLaunchDelegate -  mvn  -B install
2015-09-25 22:39:34,211 [Worker-29] WARN  o.e.m.c.i.embedder.EclipseLogger - Using platform encoding (Cp1252 actually) to copy filtered resources, i.e. build is platform dependent!
2015-09-25 22:39:34,214 [Worker-29] INFO  o.e.m.c.i.embedder.EclipseLogger - skip non existing resourceDirectory C:\Repositorio Program III\ProgramacionIII\castellanos.romina\TpAgenda\src\main\resources
2015-09-25 22:39:34,220 [Worker-29] WARN  o.e.m.c.i.embedder.EclipseLogger - Using platform encoding (Cp1252 actually) to copy filtered resources, i.e. build is platform dependent!
2015-09-25 22:39:34,223 [Worker-29] INFO  o.e.m.c.i.embedder.EclipseLogger - skip non existing resourceDirectory C:\Repositorio Program III\ProgramacionIII\castellanos.romina\TpAgenda\src\test\resources
2015-09-25 22:45:52,366 [Worker-29] INFO  o.e.m.i.launch.MavenLaunchDelegate - C:\Repositorio Program III\ProgramacionIII\castellanos.romina\TpAgenda
2015-09-25 22:45:52,367 [Worker-29] INFO  o.e.m.i.launch.MavenLaunchDelegate -  mvn  -B install
2015-09-25 22:46:05,260 [Worker-31] WARN  o.e.m.c.i.embedder.EclipseLogger - Using platform encoding (Cp1252 actually) to copy filtered resources, i.e. build is platform dependent!
2015-09-25 22:46:05,263 [Worker-31] INFO  o.e.m.c.i.embedder.EclipseLogger - skip non existing resourceDirectory C:\Repositorio Program III\ProgramacionIII\castellanos.romina\TpAgenda\src\main\resources
2015-09-25 22:46:05,270 [Worker-31] WARN  o.e.m.c.i.embedder.EclipseLogger - Using platform encoding (Cp1252 actually) to copy filtered resources, i.e. build is platform dependent!
2015-09-25 22:46:05,273 [Worker-31] INFO  o.e.m.c.i.embedder.EclipseLogger - skip non existing resourceDirectory C:\Repositorio Program III\ProgramacionIII\castellanos.romina\TpAgenda\src\test\resources
2015-09-25 22:50:52,570 [Worker-35] WARN  o.e.m.c.i.embedder.EclipseLogger - Using platform encoding (Cp1252 actually) to copy filtered resources, i.e. build is platform dependent!
2015-09-25 22:50:52,574 [Worker-35] INFO  o.e.m.c.i.embedder.EclipseLogger - skip non existing resourceDirectory C:\Repositorio Program III\ProgramacionIII\castellanos.romina\TpAgenda\src\main\resources
2015-09-25 22:50:52,581 [Worker-35] WARN  o.e.m.c.i.embedder.EclipseLogger - Using platform encoding (Cp1252 actually) to copy filtered resources, i.e. build is platform dependent!
2015-09-25 22:50:52,583 [Worker-35] INFO  o.e.m.c.i.embedder.EclipseLogger - skip non existing resourceDirectory C:\Repositorio Program III\ProgramacionIII\castellanos.romina\TpAgenda\src\test\resources
2015-09-25 22:56:31,431 [Worker-32] INFO  o.e.m.i.launch.MavenLaunchDelegate - C:\Repositorio Program III\ProgramacionIII\castellanos.romina\TpAgenda
2015-09-25 22:56:31,432 [Worker-32] INFO  o.e.m.i.launch.MavenLaunchDelegate -  mvn  -B install
2015-09-25 22:56:41,183 [Worker-40] WARN  o.e.m.c.i.embedder.EclipseLogger - Using platform encoding (Cp1252 actually) to copy filtered resources, i.e. build is platform dependent!
2015-09-25 22:56:41,186 [Worker-40] INFO  o.e.m.c.i.embedder.EclipseLogger - skip non existing resourceDirectory C:\Repositorio Program III\ProgramacionIII\castellanos.romina\TpAgenda\src\main\resources
2015-09-25 22:56:41,191 [Worker-40] WARN  o.e.m.c.i.embedder.EclipseLogger - Using platform encoding (Cp1252 actually) to copy filtered resources, i.e. build is platform dependent!
2015-09-25 22:56:41,193 [Worker-40] INFO  o.e.m.c.i.embedder.EclipseLogger - skip non existing resourceDirectory C:\Repositorio Program III\ProgramacionIII\castellanos.romina\TpAgenda\src\test\resources
2015-09-25 22:58:31,784 [Worker-39] INFO  o.e.m.i.launch.MavenLaunchDelegate - C:\Repositorio Program III\ProgramacionIII\castellanos.romina\TpAgenda
2015-09-25 22:58:31,785 [Worker-39] INFO  o.e.m.i.launch.MavenLaunchDelegate -  mvn  -B test
2015-09-25 23:01:16,917 [Worker-43] INFO  o.e.m.i.launch.MavenLaunchDelegate - C:\Repositorio Program III\ProgramacionIII\castellanos.romina\TpAgenda
2015-09-25 23:01:16,918 [Worker-43] INFO  o.e.m.i.launch.MavenLaunchDelegate -  mvn  -B install
2015-09-25 23:01:27,059 [Worker-32] WARN  o.e.m.c.i.embedder.EclipseLogger - Using platform encoding (Cp1252 actually) to copy filtered resources, i.e. build is platform dependent!
2015-09-25 23:01:27,060 [Worker-32] INFO  o.e.m.c.i.embedder.EclipseLogger - skip non existing resourceDirectory C:\Repositorio Program III\ProgramacionIII\castellanos.romina\TpAgenda\src\main\resources
2015-09-25 23:01:27,062 [Worker-32] WARN  o.e.m.c.i.embedder.EclipseLogger - Using platform encoding (Cp1252 actually) to copy filtered resources, i.e. build is platform dependent!
2015-09-25 23:01:27,063 [Worker-32] INFO  o.e.m.c.i.embedder.EclipseLogger - skip non existing resourceDirectory C:\Repositorio Program III\ProgramacionIII\castellanos.romina\TpAgenda\src\test\resources
2015-09-26 10:35:05,762 [Worker-7] WARN  o.e.m.c.i.embedder.EclipseLogger - Using platform encoding (Cp1252 actually) to copy filtered resources, i.e. build is platform dependent!
2015-09-26 10:35:05,812 [Worker-7] INFO  o.e.m.c.i.embedder.EclipseLogger - skip non existing resourceDirectory C:\Repositorio Program III\ProgramacionIII\castellanos.romina\CrunchifyRESTJerseyExample\src\main\resources
2015-09-26 10:35:05,817 [Worker-7] WARN  o.e.m.c.i.embedder.EclipseLogger - Using platform encoding (Cp1252 actually) to copy filtered resources, i.e. build is platform dependent!
2015-09-26 10:35:05,819 [Worker-7] INFO  o.e.m.c.i.embedder.EclipseLogger - skip non existing resourceDirectory C:\Repositorio Program III\ProgramacionIII\castellanos.romina\CrunchifyRESTJerseyExample\src\test\resources
2015-09-26 10:35:14,017 [Worker-11] WARN  o.e.m.c.i.embedder.EclipseLogger - Using platform encoding (Cp1252 actually) to copy filtered resources, i.e. build is platform dependent!
2015-09-26 10:35:14,024 [Worker-11] INFO  o.e.m.c.i.embedder.EclipseLogger - skip non existing resourceDirectory C:\Repositorio Program III\ProgramacionIII\castellanos.romina\TpAgenda\src\main\resources
2015-09-26 10:35:14,030 [Worker-11] WARN  o.e.m.c.i.embedder.EclipseLogger - Using platform encoding (Cp1252 actually) to copy filtered resources, i.e. build is platform dependent!
2015-09-26 10:35:14,031 [Worker-11] INFO  o.e.m.c.i.embedder.EclipseLogger - skip non existing resourceDirectory C:\Repositorio Program III\ProgramacionIII\castellanos.romina\TpAgenda\src\test\resources
2015-09-26 10:35:49,315 [Worker-0] WARN  o.e.m.c.i.embedder.EclipseLogger - Using platform encoding (Cp1252 actually) to copy filtered resources, i.e. build is platform dependent!
2015-09-26 10:35:49,321 [Worker-0] INFO  o.e.m.c.i.embedder.EclipseLogger - skip non existing resourceDirectory C:\Repositorio Program III\ProgramacionIII\castellanos.romina\TpAgenda\src\main\resources
2015-09-26 10:35:49,333 [Worker-0] WARN  o.e.m.c.i.embedder.EclipseLogger - Using platform encoding (Cp1252 actually) to copy filtered resources, i.e. build is platform dependent!
2015-09-26 10:35:49,338 [Worker-0] INFO  o.e.m.c.i.embedder.EclipseLogger - skip non existing resourceDirectory C:\Repositorio Program III\ProgramacionIII\castellanos.romina\TpAgenda\src\test\resources
2015-09-26 10:35:58,132 [Worker-14] INFO  o.e.m.i.launch.MavenLaunchDelegate - C:\Repositorio Program III\ProgramacionIII\castellanos.romina\TpAgenda
2015-09-26 10:35:58,134 [Worker-14] INFO  o.e.m.i.launch.MavenLaunchDelegate -  mvn  -B install
2015-09-26 10:36:12,615 [Worker-1] WARN  o.e.m.c.i.embedder.EclipseLogger - Using platform encoding (Cp1252 actually) to copy filtered resources, i.e. build is platform dependent!
2015-09-26 10:36:12,619 [Worker-1] INFO  o.e.m.c.i.embedder.EclipseLogger - skip non existing resourceDirectory C:\Repositorio Program III\ProgramacionIII\castellanos.romina\TpAgenda\src\main\resources
2015-09-26 10:36:12,626 [Worker-1] WARN  o.e.m.c.i.embedder.EclipseLogger - Using platform encoding (Cp1252 actually) to copy filtered resources, i.e. build is platform dependent!
2015-09-26 10:36:12,629 [Worker-1] INFO  o.e.m.c.i.embedder.EclipseLogger - skip non existing resourceDirectory C:\Repositorio Program III\ProgramacionIII\castellanos.romina\TpAgenda\src\test\resources
2015-09-26 10:39:23,141 [Worker-18] WARN  o.e.m.c.i.embedder.EclipseLogger - Using platform encoding (Cp1252 actually) to copy filtered resources, i.e. build is platform dependent!
2015-09-26 10:39:23,164 [Worker-18] INFO  o.e.m.c.i.embedder.EclipseLogger - skip non existing resourceDirectory C:\Repositorio Program III\ProgramacionIII\castellanos.romina\TpAgenda\src\main\resources
2015-09-26 10:39:23,174 [Worker-18] WARN  o.e.m.c.i.embedder.EclipseLogger - Using platform encoding (Cp1252 actually) to copy filtered resources, i.e. build is platform dependent!
2015-09-26 10:39:23,178 [Worker-18] INFO  o.e.m.c.i.embedder.EclipseLogger - skip non existing resourceDirectory C:\Repositorio Program III\ProgramacionIII\castellanos.romina\TpAgenda\src\test\resources
2015-09-26 10:39:39,470 [Worker-15] INFO  o.e.m.i.launch.MavenLaunchDelegate - C:\Repositorio Program III\ProgramacionIII\castellanos.romina\TpAgenda
2015-09-26 10:39:39,470 [Worker-15] INFO  o.e.m.i.launch.MavenLaunchDelegate -  mvn  -B install
2015-09-26 10:39:55,232 [Worker-21] WARN  o.e.m.c.i.embedder.EclipseLogger - Using platform encoding (Cp1252 actually) to copy filtered resources, i.e. build is platform dependent!
2015-09-26 10:39:55,234 [Worker-21] INFO  o.e.m.c.i.embedder.EclipseLogger - skip non existing resourceDirectory C:\Repositorio Program III\ProgramacionIII\castellanos.romina\TpAgenda\src\main\resources
2015-09-26 10:39:55,236 [Worker-21] WARN  o.e.m.c.i.embedder.EclipseLogger - Using platform encoding (Cp1252 actually) to copy filtered resources, i.e. build is platform dependent!
2015-09-26 10:39:55,237 [Worker-21] INFO  o.e.m.c.i.embedder.EclipseLogger - skip non existing resourceDirectory C:\Repositorio Program III\ProgramacionIII\castellanos.romina\TpAgenda\src\test\resources
2015-09-26 10:44:34,921 [Worker-18] WARN  o.e.m.c.i.embedder.EclipseLogger - Using platform encoding (Cp1252 actually) to copy filtered resources, i.e. build is platform dependent!
2015-09-26 10:44:34,930 [Worker-18] INFO  o.e.m.c.i.embedder.EclipseLogger - skip non existing resourceDirectory C:\Repositorio Program III\ProgramacionIII\castellanos.romina\TpAgenda\src\main\resources
2015-09-26 10:44:34,942 [Worker-18] WARN  o.e.m.c.i.embedder.EclipseLogger - Using platform encoding (Cp1252 actually) to copy filtered resources, i.e. build is platform dependent!
2015-09-26 10:44:34,946 [Worker-18] INFO  o.e.m.c.i.embedder.EclipseLogger - skip non existing resourceDirectory C:\Repositorio Program III\ProgramacionIII\castellanos.romina\TpAgenda\src\test\resources
2015-09-26 10:44:51,035 [Worker-23] INFO  o.e.m.i.launch.MavenLaunchDelegate - C:\Repositorio Program III\ProgramacionIII\castellanos.romina\TpAgenda
2015-09-26 10:44:51,037 [Worker-23] INFO  o.e.m.i.launch.MavenLaunchDelegate -  mvn  -B clean
2015-09-26 10:44:57,748 [Worker-23] WARN  o.e.m.c.i.embedder.EclipseLogger - Using platform encoding (Cp1252 actually) to copy filtered resources, i.e. build is platform dependent!
2015-09-26 10:44:57,752 [Worker-23] INFO  o.e.m.c.i.embedder.EclipseLogger - skip non existing resourceDirectory C:\Repositorio Program III\ProgramacionIII\castellanos.romina\TpAgenda\src\main\resources
2015-09-26 10:44:57,765 [Worker-23] WARN  o.e.m.c.i.embedder.EclipseLogger - Using platform encoding (Cp1252 actually) to copy filtered resources, i.e. build is platform dependent!
2015-09-26 10:44:57,768 [Worker-23] INFO  o.e.m.c.i.embedder.EclipseLogger - skip non existing resourceDirectory C:\Repositorio Program III\ProgramacionIII\castellanos.romina\TpAgenda\src\test\resources
2015-09-26 10:44:57,770 [Worker-23] INFO  o.e.m.w.i.f.ResourceFilteringBuildParticipant - Changed resources require a complete clean of filtered resources of TpAgenda
2015-09-26 10:44:57,857 [Worker-23] INFO  o.e.m.w.i.f.ResourceFilteringBuildParticipant - Executing resource filtering for TpAgenda
2015-09-26 10:44:58,123 [Worker-23] WARN  o.e.m.c.i.embedder.EclipseLogger - Using platform encoding (Cp1252 actually) to copy filtered resources, i.e. build is platform dependent!
2015-09-26 10:45:43,238 [Worker-27] INFO  o.e.m.i.launch.MavenLaunchDelegate - C:\Repositorio Program III\ProgramacionIII\castellanos.romina\TpAgenda
2015-09-26 10:45:43,239 [Worker-27] INFO  o.e.m.i.launch.MavenLaunchDelegate -  mvn  -B install
2015-09-26 10:45:49,998 [Worker-28] WARN  o.e.m.c.i.embedder.EclipseLogger - Using platform encoding (Cp1252 actually) to copy filtered resources, i.e. build is platform dependent!
2015-09-26 10:45:50,002 [Worker-28] INFO  o.e.m.c.i.embedder.EclipseLogger - skip non existing resourceDirectory C:\Repositorio Program III\ProgramacionIII\castellanos.romina\TpAgenda\src\main\resources
2015-09-26 10:45:50,008 [Worker-28] WARN  o.e.m.c.i.embedder.EclipseLogger - Using platform encoding (Cp1252 actually) to copy filtered resources, i.e. build is platform dependent!
2015-09-26 10:45:50,012 [Worker-28] INFO  o.e.m.c.i.embedder.EclipseLogger - skip non existing resourceDirectory C:\Repositorio Program III\ProgramacionIII\castellanos.romina\TpAgenda\src\test\resources
2015-09-26 10:46:00,833 [Worker-24] INFO  o.e.m.i.launch.MavenLaunchDelegate - C:\Repositorio Program III\ProgramacionIII\castellanos.romina\TpAgenda
2015-09-26 10:46:00,834 [Worker-24] INFO  o.e.m.i.launch.MavenLaunchDelegate -  mvn  -B install
2015-09-28 20:48:46,709 [Worker-3] WARN  o.e.m.c.i.embedder.EclipseLogger - Using platform encoding (Cp1252 actually) to copy filtered resources, i.e. build is platform dependent!
2015-09-28 20:48:46,746 [Worker-3] INFO  o.e.m.c.i.embedder.EclipseLogger - skip non existing resourceDirectory C:\Repositorio Program III\ProgramacionIII\castellanos.romina\CrunchifyRESTJerseyExample\src\main\resources
2015-09-28 20:48:46,757 [Worker-3] WARN  o.e.m.c.i.embedder.EclipseLogger - Using platform encoding (Cp1252 actually) to copy filtered resources, i.e. build is platform dependent!
2015-09-28 20:48:46,760 [Worker-3] INFO  o.e.m.c.i.embedder.EclipseLogger - skip non existing resourceDirectory C:\Repositorio Program III\ProgramacionIII\castellanos.romina\CrunchifyRESTJerseyExample\src\test\resources
2015-09-28 20:48:51,924 [Worker-5] WARN  o.e.m.c.i.embedder.EclipseLogger - Using platform encoding (Cp1252 actually) to copy filtered resources, i.e. build is platform dependent!
2015-09-28 20:48:51,928 [Worker-5] INFO  o.e.m.c.i.embedder.EclipseLogger - skip non existing resourceDirectory C:\Repositorio Program III\ProgramacionIII\castellanos.romina\TpAgenda\src\main\resources
2015-09-28 20:48:51,933 [Worker-5] WARN  o.e.m.c.i.embedder.EclipseLogger - Using platform encoding (Cp1252 actually) to copy filtered resources, i.e. build is platform dependent!
2015-09-28 20:48:51,936 [Worker-5] INFO  o.e.m.c.i.embedder.EclipseLogger - skip non existing resourceDirectory C:\Repositorio Program III\ProgramacionIII\castellanos.romina\TpAgenda\src\test\resources
2015-09-30 22:16:23,136 [Worker-0] WARN  o.e.m.c.i.embedder.EclipseLogger - Using platform encoding (Cp1252 actually) to copy filtered resources, i.e. build is platform dependent!
2015-09-30 22:16:23,180 [Worker-0] INFO  o.e.m.c.i.embedder.EclipseLogger - skip non existing resourceDirectory C:\Repositorio Program III\ProgramacionIII\castellanos.romina\CrunchifyRESTJerseyExample\src\main\resources
2015-09-30 22:16:23,190 [Worker-0] WARN  o.e.m.c.i.embedder.EclipseLogger - Using platform encoding (Cp1252 actually) to copy filtered resources, i.e. build is platform dependent!
2015-09-30 22:16:23,193 [Worker-0] INFO  o.e.m.c.i.embedder.EclipseLogger - skip non existing resourceDirectory C:\Repositorio Program III\ProgramacionIII\castellanos.romina\CrunchifyRESTJerseyExample\src\test\resources
2015-09-30 22:16:28,400 [Worker-5] WARN  o.e.m.c.i.embedder.EclipseLogger - Using platform encoding (Cp1252 actually) to copy filtered resources, i.e. build is platform dependent!
2015-09-30 22:16:28,405 [Worker-5] INFO  o.e.m.c.i.embedder.EclipseLogger - skip non existing resourceDirectory C:\Repositorio Program III\ProgramacionIII\castellanos.romina\TpAgenda\src\main\resources
2015-09-30 22:16:28,412 [Worker-5] WARN  o.e.m.c.i.embedder.EclipseLogger - Using platform encoding (Cp1252 actually) to copy filtered resources, i.e. build is platform dependent!
2015-09-30 22:16:28,415 [Worker-5] INFO  o.e.m.c.i.embedder.EclipseLogger - skip non existing resourceDirectory C:\Repositorio Program III\ProgramacionIII\castellanos.romina\TpAgenda\src\test\resources
2015-09-30 22:17:47,758 [Worker-8] WARN  o.e.m.c.i.embedder.EclipseLogger - Using platform encoding (Cp1252 actually) to copy filtered resources, i.e. build is platform dependent!
2015-09-30 22:17:47,798 [Worker-8] INFO  o.e.m.c.i.embedder.EclipseLogger - skip non existing resourceDirectory C:\Repositorio Program III\ProgramacionIII\castellanos.romina\TpAgenda\src\main\resources
2015-09-30 22:17:47,802 [Worker-8] WARN  o.e.m.c.i.embedder.EclipseLogger - Using platform encoding (Cp1252 actually) to copy filtered resources, i.e. build is platform dependent!
2015-09-30 22:17:47,804 [Worker-8] INFO  o.e.m.c.i.embedder.EclipseLogger - skip non existing resourceDirectory C:\Repositorio Program III\ProgramacionIII\castellanos.romina\TpAgenda\src\test\resources
2015-09-30 22:20:00,279 [Worker-14] WARN  o.e.m.c.i.embedder.EclipseLogger - Using platform encoding (Cp1252 actually) to copy filtered resources, i.e. build is platform dependent!
2015-09-30 22:20:00,294 [Worker-14] INFO  o.e.m.c.i.embedder.EclipseLogger - skip non existing resourceDirectory C:\Repositorio Program III\ProgramacionIII\castellanos.romina\TpAgenda\src\main\resources
2015-09-30 22:20:00,299 [Worker-14] WARN  o.e.m.c.i.embedder.EclipseLogger - Using platform encoding (Cp1252 actually) to copy filtered resources, i.e. build is platform dependent!
2015-09-30 22:20:00,302 [Worker-14] INFO  o.e.m.c.i.embedder.EclipseLogger - skip non existing resourceDirectory C:\Repositorio Program III\ProgramacionIII\castellanos.romina\TpAgenda\src\test\resources
2015-09-30 22:24:59,489 [Worker-7] INFO  o.e.m.i.launch.MavenLaunchDelegate - C:\Repositorio Program III\ProgramacionIII\castellanos.romina\TpAgenda
2015-09-30 22:24:59,490 [Worker-7] INFO  o.e.m.i.launch.MavenLaunchDelegate -  mvn  -B install
2015-09-30 22:25:16,625 [Worker-6] WARN  o.e.m.c.i.embedder.EclipseLogger - Using platform encoding (Cp1252 actually) to copy filtered resources, i.e. build is platform dependent!
2015-09-30 22:25:16,672 [Worker-6] INFO  o.e.m.c.i.embedder.EclipseLogger - skip non existing resourceDirectory C:\Repositorio Program III\ProgramacionIII\castellanos.romina\TpAgenda\src\main\resources
2015-09-30 22:25:16,677 [Worker-6] WARN  o.e.m.c.i.embedder.EclipseLogger - Using platform encoding (Cp1252 actually) to copy filtered resources, i.e. build is platform dependent!
2015-09-30 22:25:16,680 [Worker-6] INFO  o.e.m.c.i.embedder.EclipseLogger - skip non existing resourceDirectory C:\Repositorio Program III\ProgramacionIII\castellanos.romina\TpAgenda\src\test\resources
2015-10-02 19:22:46,314 [Worker-11] WARN  o.e.m.c.i.embedder.EclipseLogger - Using platform encoding (Cp1252 actually) to copy filtered resources, i.e. build is platform dependent!
2015-10-02 19:22:46,411 [Worker-11] INFO  o.e.m.c.i.embedder.EclipseLogger - skip non existing resourceDirectory C:\Repositorio Program III\ProgramacionIII\castellanos.romina\CrunchifyRESTJerseyExample\src\main\resources
2015-10-02 19:22:46,472 [Worker-11] WARN  o.e.m.c.i.embedder.EclipseLogger - Using platform encoding (Cp1252 actually) to copy filtered resources, i.e. build is platform dependent!
2015-10-02 19:22:46,476 [Worker-11] INFO  o.e.m.c.i.embedder.EclipseLogger - skip non existing resourceDirectory C:\Repositorio Program III\ProgramacionIII\castellanos.romina\CrunchifyRESTJerseyExample\src\test\resources
2015-10-02 19:22:52,734 [Worker-15] WARN  o.e.m.c.i.embedder.EclipseLogger - Using platform encoding (Cp1252 actually) to copy filtered resources, i.e. build is platform dependent!
2015-10-02 19:22:52,916 [Worker-15] INFO  o.e.m.c.i.embedder.EclipseLogger - skip non existing resourceDirectory C:\Repositorio Program III\ProgramacionIII\castellanos.romina\TpAgenda\src\main\resources
2015-10-02 19:22:52,918 [Worker-15] WARN  o.e.m.c.i.embedder.EclipseLogger - Using platform encoding (Cp1252 actually) to copy filtered resources, i.e. build is platform dependent!
2015-10-02 19:22:52,919 [Worker-15] INFO  o.e.m.c.i.embedder.EclipseLogger - skip non existing resourceDirectory C:\Repositorio Program III\ProgramacionIII\castellanos.romina\TpAgenda\src\test\resources
2015-10-02 19:23:51,964 [Worker-11] WARN  o.e.m.c.i.embedder.EclipseLogger - Using platform encoding (Cp1252 actually) to copy filtered resources, i.e. build is platform dependent!
2015-10-02 19:23:52,087 [Worker-11] INFO  o.e.m.c.i.embedder.EclipseLogger - skip non existing resourceDirectory C:\Repositorio Program III\ProgramacionIII\castellanos.romina\TpAgenda\src\main\resources
2015-10-02 19:23:52,213 [Worker-11] WARN  o.e.m.c.i.embedder.EclipseLogger - Using platform encoding (Cp1252 actually) to copy filtered resources, i.e. build is platform dependent!
2015-10-02 19:23:52,401 [Worker-11] INFO  o.e.m.c.i.embedder.EclipseLogger - skip non existing resourceDirectory C:\Repositorio Program III\ProgramacionIII\castellanos.romina\TpAgenda\src\test\resources
2015-10-02 19:46:52,125 [Worker-21] INFO  o.e.m.i.launch.MavenLaunchDelegate - C:\Repositorio Program III\ProgramacionIII\castellanos.romina\CrunchifyRESTJerseyExample
2015-10-02 19:46:52,127 [Worker-21] INFO  o.e.m.i.launch.MavenLaunchDelegate -  mvn  -B install
2015-10-02 19:47:05,935 [Worker-19] WARN  o.e.m.c.i.embedder.EclipseLogger - Using platform encoding (Cp1252 actually) to copy filtered resources, i.e. build is platform dependent!
2015-10-02 19:47:05,953 [Worker-19] INFO  o.e.m.c.i.embedder.EclipseLogger - skip non existing resourceDirectory C:\Repositorio Program III\ProgramacionIII\castellanos.romina\CrunchifyRESTJerseyExample\src\main\resources
2015-10-02 19:47:05,959 [Worker-19] WARN  o.e.m.c.i.embedder.EclipseLogger - Using platform encoding (Cp1252 actually) to copy filtered resources, i.e. build is platform dependent!
2015-10-02 19:47:05,961 [Worker-19] INFO  o.e.m.c.i.embedder.EclipseLogger - skip non existing resourceDirectory C:\Repositorio Program III\ProgramacionIII\castellanos.romina\CrunchifyRESTJerseyExample\src\test\resources
2015-10-02 19:56:47,075 [Worker-24] WARN  o.e.m.c.i.embedder.EclipseLogger - Using platform encoding (Cp1252 actually) to copy filtered resources, i.e. build is platform dependent!
2015-10-02 19:56:47,078 [Worker-24] INFO  o.e.m.c.i.embedder.EclipseLogger - skip non existing resourceDirectory C:\Repositorio Program III\ProgramacionIII\castellanos.romina\TpAgenda\src\main\resources
2015-10-02 19:56:47,084 [Worker-24] WARN  o.e.m.c.i.embedder.EclipseLogger - Using platform encoding (Cp1252 actually) to copy filtered resources, i.e. build is platform dependent!
2015-10-02 19:56:47,088 [Worker-24] INFO  o.e.m.c.i.embedder.EclipseLogger - skip non existing resourceDirectory C:\Repositorio Program III\ProgramacionIII\castellanos.romina\TpAgenda\src\test\resources
2015-10-02 20:07:28,496 [Worker-27] WARN  o.e.m.c.i.embedder.EclipseLogger - Using platform encoding (Cp1252 actually) to copy filtered resources, i.e. build is platform dependent!
2015-10-02 20:07:28,504 [Worker-27] INFO  o.e.m.c.i.embedder.EclipseLogger - skip non existing resourceDirectory C:\Repositorio Program III\ProgramacionIII\castellanos.romina\TpAgenda\src\main\resources
2015-10-02 20:07:28,518 [Worker-27] WARN  o.e.m.c.i.embedder.EclipseLogger - Using platform encoding (Cp1252 actually) to copy filtered resources, i.e. build is platform dependent!
2015-10-02 20:07:28,551 [Worker-27] INFO  o.e.m.c.i.embedder.EclipseLogger - skip non existing resourceDirectory C:\Repositorio Program III\ProgramacionIII\castellanos.romina\TpAgenda\src\test\resources
2015-10-02 20:09:52,659 [Worker-27] WARN  o.e.m.c.i.embedder.EclipseLogger - Using platform encoding (Cp1252 actually) to copy filtered resources, i.e. build is platform dependent!
2015-10-02 20:09:52,662 [Worker-27] INFO  o.e.m.c.i.embedder.EclipseLogger - skip non existing resourceDirectory C:\Repositorio Program III\ProgramacionIII\castellanos.romina\TpAgenda\src\main\resources
2015-10-02 20:09:52,677 [Worker-27] WARN  o.e.m.c.i.embedder.EclipseLogger - Using platform encoding (Cp1252 actually) to copy filtered resources, i.e. build is platform dependent!
2015-10-02 20:09:52,680 [Worker-27] INFO  o.e.m.c.i.embedder.EclipseLogger - skip non existing resourceDirectory C:\Repositorio Program III\ProgramacionIII\castellanos.romina\TpAgenda\src\test\resources
2015-10-02 20:11:42,020 [Worker-28] WARN  o.e.m.c.i.embedder.EclipseLogger - Using platform encoding (Cp1252 actually) to copy filtered resources, i.e. build is platform dependent!
2015-10-02 20:11:42,023 [Worker-28] INFO  o.e.m.c.i.embedder.EclipseLogger - skip non existing resourceDirectory C:\Repositorio Program III\ProgramacionIII\castellanos.romina\TpAgenda\src\main\resources
2015-10-02 20:11:42,036 [Worker-28] WARN  o.e.m.c.i.embedder.EclipseLogger - Using platform encoding (Cp1252 actually) to copy filtered resources, i.e. build is platform dependent!
2015-10-02 20:11:42,039 [Worker-28] INFO  o.e.m.c.i.embedder.EclipseLogger - skip non existing resourceDirectory C:\Repositorio Program III\ProgramacionIII\castellanos.romina\TpAgenda\src\test\resources
2015-10-02 20:14:40,082 [Worker-32] WARN  o.e.m.c.i.embedder.EclipseLogger - Using platform encoding (Cp1252 actually) to copy filtered resources, i.e. build is platform dependent!
2015-10-02 20:14:40,086 [Worker-32] INFO  o.e.m.c.i.embedder.EclipseLogger - skip non existing resourceDirectory C:\Repositorio Program III\ProgramacionIII\castellanos.romina\TpAgenda\src\main\resources
2015-10-02 20:14:40,091 [Worker-32] WARN  o.e.m.c.i.embedder.EclipseLogger - Using platform encoding (Cp1252 actually) to copy filtered resources, i.e. build is platform dependent!
2015-10-02 20:14:40,094 [Worker-32] INFO  o.e.m.c.i.embedder.EclipseLogger - skip non existing resourceDirectory C:\Repositorio Program III\ProgramacionIII\castellanos.romina\TpAgenda\src\test\resources
2015-10-02 20:15:28,470 [Worker-33] INFO  o.e.m.i.launch.MavenLaunchDelegate - C:\Repositorio Program III\ProgramacionIII\castellanos.romina\TpAgenda
2015-10-02 20:15:28,471 [Worker-33] INFO  o.e.m.i.launch.MavenLaunchDelegate -  mvn  -B install
2015-10-02 20:15:37,659 [Worker-27] WARN  o.e.m.c.i.embedder.EclipseLogger - Using platform encoding (Cp1252 actually) to copy filtered resources, i.e. build is platform dependent!
2015-10-02 20:15:37,662 [Worker-27] INFO  o.e.m.c.i.embedder.EclipseLogger - skip non existing resourceDirectory C:\Repositorio Program III\ProgramacionIII\castellanos.romina\TpAgenda\src\main\resources
2015-10-02 20:15:37,666 [Worker-27] WARN  o.e.m.c.i.embedder.EclipseLogger - Using platform encoding (Cp1252 actually) to copy filtered resources, i.e. build is platform dependent!
2015-10-02 20:15:37,669 [Worker-27] INFO  o.e.m.c.i.embedder.EclipseLogger - skip non existing resourceDirectory C:\Repositorio Program III\ProgramacionIII\castellanos.romina\TpAgenda\src\test\resources
2015-10-02 20:18:59,063 [Worker-34] WARN  o.e.m.c.i.embedder.EclipseLogger - Using platform encoding (Cp1252 actually) to copy filtered resources, i.e. build is platform dependent!
2015-10-02 20:18:59,065 [Worker-34] INFO  o.e.m.c.i.embedder.EclipseLogger - skip non existing resourceDirectory C:\Repositorio Program III\ProgramacionIII\castellanos.romina\TpAgenda\src\main\resources
2015-10-02 20:18:59,073 [Worker-34] WARN  o.e.m.c.i.embedder.EclipseLogger - Using platform encoding (Cp1252 actually) to copy filtered resources, i.e. build is platform dependent!
2015-10-02 20:18:59,075 [Worker-34] INFO  o.e.m.c.i.embedder.EclipseLogger - skip non existing resourceDirectory C:\Repositorio Program III\ProgramacionIII\castellanos.romina\TpAgenda\src\test\resources
2015-10-02 20:25:04,402 [Worker-29] WARN  o.e.m.c.i.embedder.EclipseLogger - Using platform encoding (Cp1252 actually) to copy filtered resources, i.e. build is platform dependent!
2015-10-02 20:25:04,406 [Worker-29] INFO  o.e.m.c.i.embedder.EclipseLogger - skip non existing resourceDirectory C:\Repositorio Program III\ProgramacionIII\castellanos.romina\TpAgenda\src\main\resources
2015-10-02 20:25:04,410 [Worker-29] WARN  o.e.m.c.i.embedder.EclipseLogger - Using platform encoding (Cp1252 actually) to copy filtered resources, i.e. build is platform dependent!
2015-10-02 20:25:04,414 [Worker-29] INFO  o.e.m.c.i.embedder.EclipseLogger - skip non existing resourceDirectory C:\Repositorio Program III\ProgramacionIII\castellanos.romina\TpAgenda\src\test\resources
2015-10-02 20:25:22,499 [Worker-37] WARN  o.e.m.c.i.embedder.EclipseLogger - Using platform encoding (Cp1252 actually) to copy filtered resources, i.e. build is platform dependent!
2015-10-02 20:25:22,502 [Worker-37] INFO  o.e.m.c.i.embedder.EclipseLogger - skip non existing resourceDirectory C:\Repositorio Program III\ProgramacionIII\castellanos.romina\TpAgenda\src\main\resources
2015-10-02 20:25:22,506 [Worker-37] WARN  o.e.m.c.i.embedder.EclipseLogger - Using platform encoding (Cp1252 actually) to copy filtered resources, i.e. build is platform dependent!
2015-10-02 20:25:22,509 [Worker-37] INFO  o.e.m.c.i.embedder.EclipseLogger - skip non existing resourceDirectory C:\Repositorio Program III\ProgramacionIII\castellanos.romina\TpAgenda\src\test\resources
2015-10-02 20:28:51,720 [Worker-40] WARN  o.e.m.c.i.embedder.EclipseLogger - Using platform encoding (Cp1252 actually) to copy filtered resources, i.e. build is platform dependent!
2015-10-02 20:28:51,724 [Worker-40] INFO  o.e.m.c.i.embedder.EclipseLogger - skip non existing resourceDirectory C:\Repositorio Program III\ProgramacionIII\castellanos.romina\TpAgenda\src\main\resources
2015-10-02 20:28:51,729 [Worker-40] WARN  o.e.m.c.i.embedder.EclipseLogger - Using platform encoding (Cp1252 actually) to copy filtered resources, i.e. build is platform dependent!
2015-10-02 20:28:51,732 [Worker-40] INFO  o.e.m.c.i.embedder.EclipseLogger - skip non existing resourceDirectory C:\Repositorio Program III\ProgramacionIII\castellanos.romina\TpAgenda\src\test\resources
2015-10-02 20:31:54,264 [Worker-38] WARN  o.e.m.c.i.embedder.EclipseLogger - Using platform encoding (Cp1252 actually) to copy filtered resources, i.e. build is platform dependent!
2015-10-02 20:31:54,267 [Worker-38] INFO  o.e.m.c.i.embedder.EclipseLogger - skip non existing resourceDirectory C:\Repositorio Program III\ProgramacionIII\castellanos.romina\TpAgenda\src\main\resources
2015-10-02 20:31:54,271 [Worker-38] WARN  o.e.m.c.i.embedder.EclipseLogger - Using platform encoding (Cp1252 actually) to copy filtered resources, i.e. build is platform dependent!
2015-10-02 20:31:54,276 [Worker-38] INFO  o.e.m.c.i.embedder.EclipseLogger - skip non existing resourceDirectory C:\Repositorio Program III\ProgramacionIII\castellanos.romina\TpAgenda\src\test\resources
2015-10-02 20:33:44,799 [Worker-40] WARN  o.e.m.c.i.embedder.EclipseLogger - Using platform encoding (Cp1252 actually) to copy filtered resources, i.e. build is platform dependent!
2015-10-02 20:33:44,803 [Worker-40] INFO  o.e.m.c.i.embedder.EclipseLogger - skip non existing resourceDirectory C:\Repositorio Program III\ProgramacionIII\castellanos.romina\TpAgenda\src\main\resources
2015-10-02 20:33:44,817 [Worker-40] WARN  o.e.m.c.i.embedder.EclipseLogger - Using platform encoding (Cp1252 actually) to copy filtered resources, i.e. build is platform dependent!
2015-10-02 20:33:44,820 [Worker-40] INFO  o.e.m.c.i.embedder.EclipseLogger - skip non existing resourceDirectory C:\Repositorio Program III\ProgramacionIII\castellanos.romina\TpAgenda\src\test\resources
2015-10-02 20:34:09,424 [Worker-28] WARN  o.e.m.c.i.embedder.EclipseLogger - Using platform encoding (Cp1252 actually) to copy filtered resources, i.e. build is platform dependent!
2015-10-02 20:34:09,427 [Worker-28] INFO  o.e.m.c.i.embedder.EclipseLogger - skip non existing resourceDirectory C:\Repositorio Program III\ProgramacionIII\castellanos.romina\TpAgenda\src\main\resources
2015-10-02 20:34:09,436 [Worker-28] WARN  o.e.m.c.i.embedder.EclipseLogger - Using platform encoding (Cp1252 actually) to copy filtered resources, i.e. build is platform dependent!
2015-10-02 20:34:09,440 [Worker-28] INFO  o.e.m.c.i.embedder.EclipseLogger - skip non existing resourceDirectory C:\Repositorio Program III\ProgramacionIII\castellanos.romina\TpAgenda\src\test\resources
2015-10-02 21:55:06,497 [Worker-51] WARN  o.e.m.c.i.embedder.EclipseLogger - Using platform encoding (Cp1252 actually) to copy filtered resources, i.e. build is platform dependent!
2015-10-02 21:55:06,514 [Worker-51] INFO  o.e.m.c.i.embedder.EclipseLogger - skip non existing resourceDirectory C:\Repositorio Program III\ProgramacionIII\castellanos.romina\TpAgenda\src\main\resources
2015-10-02 21:55:06,520 [Worker-51] WARN  o.e.m.c.i.embedder.EclipseLogger - Using platform encoding (Cp1252 actually) to copy filtered resources, i.e. build is platform dependent!
2015-10-02 21:55:06,522 [Worker-51] INFO  o.e.m.c.i.embedder.EclipseLogger - skip non existing resourceDirectory C:\Repositorio Program III\ProgramacionIII\castellanos.romina\TpAgenda\src\test\resources
2015-10-02 21:56:52,768 [Worker-51] WARN  o.e.m.c.i.embedder.EclipseLogger - Using platform encoding (Cp1252 actually) to copy filtered resources, i.e. build is platform dependent!
2015-10-02 21:56:52,773 [Worker-51] INFO  o.e.m.c.i.embedder.EclipseLogger - skip non existing resourceDirectory C:\Repositorio Program III\ProgramacionIII\castellanos.romina\TpAgenda\src\main\resources
2015-10-02 21:56:52,778 [Worker-51] WARN  o.e.m.c.i.embedder.EclipseLogger - Using platform encoding (Cp1252 actually) to copy filtered resources, i.e. build is platform dependent!
2015-10-02 21:56:52,781 [Worker-51] INFO  o.e.m.c.i.embedder.EclipseLogger - skip non existing resourceDirectory C:\Repositorio Program III\ProgramacionIII\castellanos.romina\TpAgenda\src\test\resources
2015-10-02 21:59:05,354 [Worker-53] WARN  o.e.m.c.i.embedder.EclipseLogger - Using platform encoding (Cp1252 actually) to copy filtered resources, i.e. build is platform dependent!
2015-10-02 21:59:05,358 [Worker-53] INFO  o.e.m.c.i.embedder.EclipseLogger - skip non existing resourceDirectory C:\Repositorio Program III\ProgramacionIII\castellanos.romina\TpAgenda\src\main\resources
2015-10-02 21:59:05,370 [Worker-53] WARN  o.e.m.c.i.embedder.EclipseLogger - Using platform encoding (Cp1252 actually) to copy filtered resources, i.e. build is platform dependent!
2015-10-02 21:59:05,379 [Worker-53] INFO  o.e.m.c.i.embedder.EclipseLogger - skip non existing resourceDirectory C:\Repositorio Program III\ProgramacionIII\castellanos.romina\TpAgenda\src\test\resources
2015-10-02 22:41:35,480 [Worker-69] WARN  o.e.m.c.i.embedder.EclipseLogger - Using platform encoding (Cp1252 actually) to copy filtered resources, i.e. build is platform dependent!
2015-10-02 22:41:35,489 [Worker-69] INFO  o.e.m.c.i.embedder.EclipseLogger - skip non existing resourceDirectory C:\Repositorio Program III\ProgramacionIII\castellanos.romina\TpAgenda\src\main\resources
2015-10-02 22:41:35,496 [Worker-69] WARN  o.e.m.c.i.embedder.EclipseLogger - Using platform encoding (Cp1252 actually) to copy filtered resources, i.e. build is platform dependent!
2015-10-02 22:41:35,500 [Worker-69] INFO  o.e.m.c.i.embedder.EclipseLogger - skip non existing resourceDirectory C:\Repositorio Program III\ProgramacionIII\castellanos.romina\TpAgenda\src\test\resources
2015-10-02 22:43:18,077 [Worker-68] WARN  o.e.m.c.i.embedder.EclipseLogger - Using platform encoding (Cp1252 actually) to copy filtered resources, i.e. build is platform dependent!
2015-10-02 22:43:18,080 [Worker-68] INFO  o.e.m.c.i.embedder.EclipseLogger - skip non existing resourceDirectory C:\Repositorio Program III\ProgramacionIII\castellanos.romina\TpAgenda\src\main\resources
2015-10-02 22:43:18,085 [Worker-68] WARN  o.e.m.c.i.embedder.EclipseLogger - Using platform encoding (Cp1252 actually) to copy filtered resources, i.e. build is platform dependent!
2015-10-02 22:43:18,088 [Worker-68] INFO  o.e.m.c.i.embedder.EclipseLogger - skip non existing resourceDirectory C:\Repositorio Program III\ProgramacionIII\castellanos.romina\TpAgenda\src\test\resources
2015-10-02 22:48:49,127 [Worker-54] WARN  o.e.m.c.i.embedder.EclipseLogger - Using platform encoding (Cp1252 actually) to copy filtered resources, i.e. build is platform dependent!
2015-10-02 22:48:49,130 [Worker-54] INFO  o.e.m.c.i.embedder.EclipseLogger - skip non existing resourceDirectory C:\Repositorio Program III\ProgramacionIII\castellanos.romina\TpAgenda\src\main\resources
2015-10-02 22:48:49,134 [Worker-54] WARN  o.e.m.c.i.embedder.EclipseLogger - Using platform encoding (Cp1252 actually) to copy filtered resources, i.e. build is platform dependent!
2015-10-02 22:48:49,137 [Worker-54] INFO  o.e.m.c.i.embedder.EclipseLogger - skip non existing resourceDirectory C:\Repositorio Program III\ProgramacionIII\castellanos.romina\TpAgenda\src\test\resources
2015-10-02 22:49:34,155 [Worker-70] WARN  o.e.m.c.i.embedder.EclipseLogger - Using platform encoding (Cp1252 actually) to copy filtered resources, i.e. build is platform dependent!
2015-10-02 22:49:34,159 [Worker-70] INFO  o.e.m.c.i.embedder.EclipseLogger - skip non existing resourceDirectory C:\Repositorio Program III\ProgramacionIII\castellanos.romina\TpAgenda\src\main\resources
2015-10-02 22:49:34,164 [Worker-70] WARN  o.e.m.c.i.embedder.EclipseLogger - Using platform encoding (Cp1252 actually) to copy filtered resources, i.e. build is platform dependent!
2015-10-02 22:49:34,167 [Worker-70] INFO  o.e.m.c.i.embedder.EclipseLogger - skip non existing resourceDirectory C:\Repositorio Program III\ProgramacionIII\castellanos.romina\TpAgenda\src\test\resources
2015-10-02 22:50:19,796 [Worker-72] WARN  o.e.m.c.i.embedder.EclipseLogger - Using platform encoding (Cp1252 actually) to copy filtered resources, i.e. build is platform dependent!
2015-10-02 22:50:19,799 [Worker-72] INFO  o.e.m.c.i.embedder.EclipseLogger - skip non existing resourceDirectory C:\Repositorio Program III\ProgramacionIII\castellanos.romina\TpAgenda\src\main\resources
2015-10-02 22:50:19,803 [Worker-72] WARN  o.e.m.c.i.embedder.EclipseLogger - Using platform encoding (Cp1252 actually) to copy filtered resources, i.e. build is platform dependent!
2015-10-02 22:50:19,807 [Worker-72] INFO  o.e.m.c.i.embedder.EclipseLogger - skip non existing resourceDirectory C:\Repositorio Program III\ProgramacionIII\castellanos.romina\TpAgenda\src\test\resources
